#
# There is insufficient memory for the Java Runtime Environment to continue.
# Native memory allocation (mmap) failed to map 45088768 bytes for committing reserved memory.
# Possible reasons:
#   The system is out of physical RAM or swap space
#   The process is running with CompressedOops enabled, and the Java Heap may be blocking the growth of the native heap
# Possible solutions:
#   Reduce memory load on the system
#   Increase physical memory or swap space
#   Check if swap backing store is full
#   Decrease Java heap size (-Xmx/-Xms)
#   Decrease number of Java threads
#   Decrease Java thread stack sizes (-Xss)
#   Set larger code cache with -XX:ReservedCodeCacheSize=
#   JVM is running with Unscaled Compressed Oops mode in which the Java heap is
#     placed in the first 4GB address space. The Java Heap base address is the
#     maximum limit for the native heap growth. Please use -XX:HeapBaseMinAddress
#     to set the Java Heap base and to place the Java Heap above 4GB virtual address.
# This output file may be truncated or incomplete.
#
#  Out of Memory Error (os_linux.cpp:2798), pid=43621, tid=0x00007ff1ce1d1700
#
# JRE version: OpenJDK Runtime Environment (8.0_292-b10) (build 1.8.0_292-8u292-b10-0ubuntu1~16.04.1-b10)
# Java VM: OpenJDK 64-Bit Server VM (25.292-b10 mixed mode linux-amd64 compressed oops)
# Failed to write core dump. Core dumps have been disabled. To enable core dumping, try "ulimit -c unlimited" before starting Java again
#

---------------  T H R E A D  ---------------

Current thread (0x00007ff1e0079800):  VMThread [stack: 0x00007ff1ce0d1000,0x00007ff1ce1d2000] [id=43632]

Stack: [0x00007ff1ce0d1000,0x00007ff1ce1d2000],  sp=0x00007ff1ce1d0360,  free space=1020k
Native frames: (J=compiled Java code, j=interpreted, Vv=VM code, C=native code)
V  [libjvm.so+0xb1e67b]
V  [libjvm.so+0x4e01dc]
V  [libjvm.so+0x95bc48]
V  [libjvm.so+0x953b3e]
V  [libjvm.so+0x9d4ad6]
V  [libjvm.so+0x9c3a7a]
V  [libjvm.so+0x9c3c83]
V  [libjvm.so+0x9c45e8]
V  [libjvm.so+0x9ca9de]
V  [libjvm.so+0x9d265d]
V  [libjvm.so+0x983953]
V  [libjvm.so+0xb20372]
V  [libjvm.so+0xb26067]
V  [libjvm.so+0xb23b43]
V  [libjvm.so+0xb23ee5]
V  [libjvm.so+0xb244b2]
V  [libjvm.so+0x958fe2]

VM_Operation (0x00007ff1cc4e4960): ParallelGCFailedAllocation, mode: safepoint, requested by thread 0x00007ff1e0998800


---------------  P R O C E S S  ---------------

Java Threads: ( => current thread )
  0x00007ff16c004000 JavaThread "http-nio-8080-exec-6" daemon [_thread_blocked, id=43742, stack(0x00007ff1c4b8d000,0x00007ff1c4c8e000)]
  0x00007ff16c003000 JavaThread "http-nio-8080-exec-5" daemon [_thread_blocked, id=43732, stack(0x00007ff1c4a8c000,0x00007ff1c4b8d000)]
  0x00007ff16c01a800 JavaThread "http-nio-8080-exec-4" daemon [_thread_blocked, id=43679, stack(0x00007ff1c4e90000,0x00007ff1c4f91000)]
  0x00007ff16c019000 JavaThread "http-nio-8080-exec-3" daemon [_thread_blocked, id=43675, stack(0x00007ff1c4f91000,0x00007ff1c5092000)]
  0x00007ff15001c800 JavaThread "BIPEngine" [_thread_blocked, id=43673, stack(0x00007ff1c5092000,0x00007ff1c5193000)]
  0x00007ff158090000 JavaThread "MySystem-akka.actor.default-dispatcher-4" [_thread_blocked, id=43667, stack(0x00007ff1c5698000,0x00007ff1c5799000)]
  0x00007ff15808b800 JavaThread "MySystem-scheduler-1" [_thread_blocked, id=43664, stack(0x00007ff1c599b000,0x00007ff1c5a9c000)]
  0x00007ff15806f000 JavaThread "MySystem-akka.actor.default-dispatcher-2" [_thread_blocked, id=43658, stack(0x00007ff1c5ea0000,0x00007ff1c5fa1000)]
  0x00007ff158003800 JavaThread "MySystem-scheduler-1" [_thread_blocked, id=43657, stack(0x00007ff1c60f5000,0x00007ff1c61f6000)]
  0x00007ff16c014800 JavaThread "http-nio-8080-exec-2" daemon [_thread_blocked, id=43656, stack(0x00007ff1c61f6000,0x00007ff1c62f7000)]
  0x00007ff16c00e000 JavaThread "http-nio-8080-exec-1" daemon [_thread_blocked, id=43653, stack(0x00007ff1c62f7000,0x00007ff1c63f8000)]
  0x00007ff1e0997800 JavaThread "http-nio-8080-Acceptor" daemon [_thread_in_native, id=43652, stack(0x00007ff1c65f8000,0x00007ff1c66f9000)]
  0x00007ff1e09c6800 JavaThread "http-nio-8080-Poller" daemon [_thread_blocked, id=43651, stack(0x00007ff1c66f9000,0x00007ff1c67fa000)]
  0x00007ff174002000 JavaThread "Catalina-utility-2" [_thread_blocked, id=43650, stack(0x00007ff1cc2b5000,0x00007ff1cc3b6000)]
  0x00007ff1e0998800 JavaThread "Catalina-utility-1" [_thread_blocked, id=43649, stack(0x00007ff1cc3e6000,0x00007ff1cc4e7000)]
  0x00007ff18018f000 JavaThread "BIPEngine" [_thread_blocked, id=43648, stack(0x00007ff1c67fa000,0x00007ff1c68fb000)]
  0x00007ff1e0fe7800 JavaThread "MySystem-akka.actor.default-dispatcher-4" [_thread_blocked, id=43646, stack(0x00007ff1c6bfc000,0x00007ff1c6cfd000)]
  0x00007ff1e0ed5800 JavaThread "MySystem-scheduler-1" [_thread_blocked, id=43643, stack(0x00007ff1c70ff000,0x00007ff1c7200000)]
  0x00007ff1e0542800 JavaThread "GC Daemon" daemon [_thread_blocked, id=43641, stack(0x00007ff1ccd27000,0x00007ff1cce28000)]
  0x00007ff1e00cb800 JavaThread "Service Thread" daemon [_thread_blocked, id=43639, stack(0x00007ff1cd6f2000,0x00007ff1cd7f3000)]
  0x00007ff1e00c0000 JavaThread "C1 CompilerThread2" daemon [_thread_blocked, id=43638, stack(0x00007ff1cd7f3000,0x00007ff1cd8f4000)]
  0x00007ff1e00be800 JavaThread "C2 CompilerThread1" daemon [_thread_blocked, id=43637, stack(0x00007ff1cd8f4000,0x00007ff1cd9f5000)]
  0x00007ff1e00bb800 JavaThread "C2 CompilerThread0" daemon [_thread_blocked, id=43636, stack(0x00007ff1cd9f5000,0x00007ff1cdaf6000)]
  0x00007ff1e00b8800 JavaThread "Signal Dispatcher" daemon [_thread_blocked, id=43635, stack(0x00007ff1cdaf6000,0x00007ff1cdbf7000)]
  0x00007ff1e0087800 JavaThread "Finalizer" daemon [_thread_blocked, id=43634, stack(0x00007ff1cdecf000,0x00007ff1cdfd0000)]
  0x00007ff1e0083000 JavaThread "Reference Handler" daemon [_thread_blocked, id=43633, stack(0x00007ff1cdfd0000,0x00007ff1ce0d1000)]
  0x00007ff1e000b000 JavaThread "main" [_thread_in_native, id=43627, stack(0x00007ff1e85d2000,0x00007ff1e86d3000)]

Other Threads:
=>0x00007ff1e0079800 VMThread [stack: 0x00007ff1ce0d1000,0x00007ff1ce1d2000] [id=43632]
  0x00007ff1e00ce000 WatcherThread [stack: 0x00007ff1cd5f1000,0x00007ff1cd6f2000] [id=43640]

VM state:at safepoint (normal execution)

VM Mutex/Monitor currently owned by a thread:  ([mutex/lock_event])
[0x00007ff1e00070f0] ExpandHeap_lock - owner thread: 0x00007ff1e0079800
[0x00007ff1e0007770] Threads_lock - owner thread: 0x00007ff1e0079800
[0x00007ff1e0007c70] Heap_lock - owner thread: 0x00007ff1e0998800

heap address: 0x00000000c2a00000, size: 982 MB, Compressed Oops mode: 32-bit
Narrow klass base: 0x0000000000000000, Narrow klass shift: 3
Compressed class space size: 1073741824 Address: 0x0000000100000000

Heap:
 PSYoungGen      total 270848K, used 0K [0x00000000eb900000, 0x0000000100000000, 0x0000000100000000)
  eden space 245248K, 0% used [0x00000000eb900000,0x00000000eb900000,0x00000000fa880000)
  from space 25600K, 0% used [0x00000000fa880000,0x00000000fa880000,0x00000000fc180000)
  to   space 37376K, 0% used [0x00000000fdb80000,0x00000000fdb80000,0x0000000100000000)
 ParOldGen       total 57344K, used 56442K [0x00000000c2a00000, 0x00000000c6200000, 0x00000000eb900000)
  object space 57344K, 98% used [0x00000000c2a00000,0x00000000c611e800,0x00000000c6200000)
 Metaspace       used 35295K, capacity 36416K, committed 36568K, reserved 1081344K
  class space    used 4232K, capacity 4465K, committed 4480K, reserved 1048576K

Card table byte_map: [0x00007ff1e49c3000,0x00007ff1e4baf000] byte_map_base: 0x00007ff1e43ae000

Marking Bits: (ParMarkBitMap*) 0x00007ff1e78988a0
 Begin Bits: [0x00007ff1cf150000, 0x00007ff1d00a8000)
 End Bits:   [0x00007ff1d00a8000, 0x00007ff1d1000000)

Polling page: 0x00007ff1e86ec000

CodeCache: size=245760Kb used=11942Kb max_used=11967Kb free=233817Kb
 bounds [0x00007ff1d1000000, 0x00007ff1d1bd0000, 0x00007ff1e0000000]
 total_blobs=3982 nmethods=3492 adapters=403
 compilation: enabled

Compilation events (10 events):
Event: 260.825 Thread 0x00007ff1e00bb800 4281       4       org.apache.catalina.loader.WebappClassLoaderBase::checkStateForResourceLoading (49 bytes)
Event: 260.839 Thread 0x00007ff1e00bb800 nmethod 4281 0x00007ff1d1616410 code [0x00007ff1d1616560, 0x00007ff1d16165f8]
Event: 260.879 Thread 0x00007ff1e00be800 4282       4       org.apache.catalina.webresources.AbstractArchiveResource$JarInputStreamWrapper::read (11 bytes)
Event: 260.881 Thread 0x00007ff1e00be800 nmethod 4282 0x00007ff1d1b780d0 code [0x00007ff1d1b78220, 0x00007ff1d1b782e8]
Event: 260.971 Thread 0x00007ff1e00c0000 4283       3       java.util.logging.LogManager$LoggerContext::ensureInitialized (24 bytes)
Event: 260.982 Thread 0x00007ff1e00c0000 nmethod 4283 0x00007ff1d16e9250 code [0x00007ff1d16e9420, 0x00007ff1d16e9c48]
Event: 261.059 Thread 0x00007ff1e00c0000 4284  s    3       java.util.logging.LogManager$LoggerContext::findLogger (40 bytes)
Event: 261.060 Thread 0x00007ff1e00c0000 nmethod 4284 0x00007ff1d1b91090 code [0x00007ff1d1b912a0, 0x00007ff1d1b92148]
Event: 261.063 Thread 0x00007ff1e00bb800 4285       4       org.apache.catalina.loader.WebappClassLoaderBase::filter (450 bytes)
Event: 261.089 Thread 0x00007ff1e00bb800 nmethod 4285 0x00007ff1d1ba4390 code [0x00007ff1d1ba46a0, 0x00007ff1d1ba5570]

GC Heap History (10 events):
Event: 202.271 GC heap after
Heap after GC invocations=23 (full 2):
 PSYoungGen      total 262144K, used 384K [0x00000000eb900000, 0x00000000fe880000, 0x0000000100000000)
  eden space 261632K, 0% used [0x00000000eb900000,0x00000000eb900000,0x00000000fb880000)
  from space 512K, 75% used [0x00000000fc480000,0x00000000fc4e0000,0x00000000fc500000)
  to   space 20992K, 0% used [0x00000000fd400000,0x00000000fd400000,0x00000000fe880000)
 ParOldGen       total 57344K, used 21938K [0x00000000c2a00000, 0x00000000c6200000, 0x00000000eb900000)
  object space 57344K, 38% used [0x00000000c2a00000,0x00000000c3f6c8e0,0x00000000c6200000)
 Metaspace       used 35082K, capacity 36198K, committed 36312K, reserved 1081344K
  class space    used 4216K, capacity 4461K, committed 4480K, reserved 1048576K
}
Event: 222.892 GC heap before
{Heap before GC invocations=24 (full 2):
 PSYoungGen      total 262144K, used 262016K [0x00000000eb900000, 0x00000000fe880000, 0x0000000100000000)
  eden space 261632K, 100% used [0x00000000eb900000,0x00000000fb880000,0x00000000fb880000)
  from space 512K, 75% used [0x00000000fc480000,0x00000000fc4e0000,0x00000000fc500000)
  to   space 20992K, 0% used [0x00000000fd400000,0x00000000fd400000,0x00000000fe880000)
 ParOldGen       total 57344K, used 21938K [0x00000000c2a00000, 0x00000000c6200000, 0x00000000eb900000)
  object space 57344K, 38% used [0x00000000c2a00000,0x00000000c3f6c8e0,0x00000000c6200000)
 Metaspace       used 35104K, capacity 36198K, committed 36312K, reserved 1081344K
  class space    used 4216K, capacity 4461K, committed 4480K, reserved 1048576K
Event: 222.894 GC heap after
Heap after GC invocations=24 (full 2):
 PSYoungGen      total 250880K, used 384K [0x00000000eb900000, 0x00000000fd500000, 0x0000000100000000)
  eden space 249856K, 0% used [0x00000000eb900000,0x00000000eb900000,0x00000000fad00000)
  from space 1024K, 37% used [0x00000000fd400000,0x00000000fd460000,0x00000000fd500000)
  to   space 20480K, 0% used [0x00000000fad00000,0x00000000fad00000,0x00000000fc100000)
 ParOldGen       total 57344K, used 21946K [0x00000000c2a00000, 0x00000000c6200000, 0x00000000eb900000)
  object space 57344K, 38% used [0x00000000c2a00000,0x00000000c3f6e8e0,0x00000000c6200000)
 Metaspace       used 35104K, capacity 36198K, committed 36312K, reserved 1081344K
  class space    used 4216K, capacity 4461K, committed 4480K, reserved 1048576K
}
Event: 257.862 GC heap before
{Heap before GC invocations=25 (full 2):
 PSYoungGen      total 250880K, used 250240K [0x00000000eb900000, 0x00000000fd500000, 0x0000000100000000)
  eden space 249856K, 100% used [0x00000000eb900000,0x00000000fad00000,0x00000000fad00000)
  from space 1024K, 37% used [0x00000000fd400000,0x00000000fd460000,0x00000000fd500000)
  to   space 20480K, 0% used [0x00000000fad00000,0x00000000fad00000,0x00000000fc100000)
 ParOldGen       total 57344K, used 21946K [0x00000000c2a00000, 0x00000000c6200000, 0x00000000eb900000)
  object space 57344K, 38% used [0x00000000c2a00000,0x00000000c3f6e8e0,0x00000000c6200000)
 Metaspace       used 35115K, capacity 36198K, committed 36312K, reserved 1081344K
  class space    used 4216K, capacity 4461K, committed 4480K, reserved 1048576K
Event: 257.905 GC heap after
Heap after GC invocations=25 (full 2):
 PSYoungGen      total 259584K, used 416K [0x00000000eb900000, 0x00000000fd480000, 0x0000000100000000)
  eden space 239104K, 0% used [0x00000000eb900000,0x00000000eb900000,0x00000000fa280000)
  from space 20480K, 2% used [0x00000000fad00000,0x00000000fad68000,0x00000000fc100000)
  to   space 19456K, 0% used [0x00000000fc180000,0x00000000fc180000,0x00000000fd480000)
 ParOldGen       total 57344K, used 21946K [0x00000000c2a00000, 0x00000000c6200000, 0x00000000eb900000)
  object space 57344K, 38% used [0x00000000c2a00000,0x00000000c3f6e8e0,0x00000000c6200000)
 Metaspace       used 35115K, capacity 36198K, committed 36312K, reserved 1081344K
  class space    used 4216K, capacity 4461K, committed 4480K, reserved 1048576K
}
Event: 259.946 GC heap before
{Heap before GC invocations=26 (full 2):
 PSYoungGen      total 259584K, used 239520K [0x00000000eb900000, 0x00000000fd480000, 0x0000000100000000)
  eden space 239104K, 100% used [0x00000000eb900000,0x00000000fa280000,0x00000000fa280000)
  from space 20480K, 2% used [0x00000000fad00000,0x00000000fad68000,0x00000000fc100000)
  to   space 19456K, 0% used [0x00000000fc180000,0x00000000fc180000,0x00000000fd480000)
 ParOldGen       total 57344K, used 21946K [0x00000000c2a00000, 0x00000000c6200000, 0x00000000eb900000)
  object space 57344K, 38% used [0x00000000c2a00000,0x00000000c3f6e8e0,0x00000000c6200000)
 Metaspace       used 35301K, capacity 36426K, committed 36568K, reserved 1081344K
  class space    used 4233K, capacity 4467K, committed 4480K, reserved 1048576K
Event: 260.081 GC heap after
Heap after GC invocations=26 (full 2):
 PSYoungGen      total 264704K, used 19450K [0x00000000eb900000, 0x0000000100000000, 0x0000000100000000)
  eden space 245248K, 0% used [0x00000000eb900000,0x00000000eb900000,0x00000000fa880000)
  from space 19456K, 99% used [0x00000000fc180000,0x00000000fd47e878,0x00000000fd480000)
  to   space 25600K, 0% used [0x00000000fa880000,0x00000000fa880000,0x00000000fc180000)
 ParOldGen       total 57344K, used 27608K [0x00000000c2a00000, 0x00000000c6200000, 0x00000000eb900000)
  object space 57344K, 48% used [0x00000000c2a00000,0x00000000c44f6338,0x00000000c6200000)
 Metaspace       used 35301K, capacity 36426K, committed 36568K, reserved 1081344K
  class space    used 4233K, capacity 4467K, committed 4480K, reserved 1048576K
}
Event: 261.155 GC heap before
{Heap before GC invocations=27 (full 2):
 PSYoungGen      total 264704K, used 264698K [0x00000000eb900000, 0x0000000100000000, 0x0000000100000000)
  eden space 245248K, 100% used [0x00000000eb900000,0x00000000fa880000,0x00000000fa880000)
  from space 19456K, 99% used [0x00000000fc180000,0x00000000fd47e878,0x00000000fd480000)
  to   space 25600K, 0% used [0x00000000fa880000,0x00000000fa880000,0x00000000fc180000)
 ParOldGen       total 57344K, used 27608K [0x00000000c2a00000, 0x00000000c6200000, 0x00000000eb900000)
  object space 57344K, 48% used [0x00000000c2a00000,0x00000000c44f6338,0x00000000c6200000)
 Metaspace       used 35302K, capacity 36426K, committed 36568K, reserved 1081344K
  class space    used 4233K, capacity 4467K, committed 4480K, reserved 1048576K
Event: 261.257 GC heap after
Heap after GC invocations=27 (full 2):
 PSYoungGen      total 270848K, used 25575K [0x00000000eb900000, 0x0000000100000000, 0x0000000100000000)
  eden space 245248K, 0% used [0x00000000eb900000,0x00000000eb900000,0x00000000fa880000)
  from space 25600K, 99% used [0x00000000fa880000,0x00000000fc179e68,0x00000000fc180000)
  to   space 37376K, 0% used [0x00000000fdb80000,0x00000000fdb80000,0x0000000100000000)
 ParOldGen       total 57344K, used 44717K [0x00000000c2a00000, 0x00000000c6200000, 0x00000000eb900000)
  object space 57344K, 77% used [0x00000000c2a00000,0x00000000c55ab618,0x00000000c6200000)
 Metaspace       used 35302K, capacity 36426K, committed 36568K, reserved 1081344K
  class space    used 4233K, capacity 4467K, committed 4480K, reserved 1048576K
}
Event: 261.258 GC heap before
{Heap before GC invocations=28 (full 3):
 PSYoungGen      total 270848K, used 25575K [0x00000000eb900000, 0x0000000100000000, 0x0000000100000000)
  eden space 245248K, 0% used [0x00000000eb900000,0x00000000eb900000,0x00000000fa880000)
  from space 25600K, 99% used [0x00000000fa880000,0x00000000fc179e68,0x00000000fc180000)
  to   space 37376K, 0% used [0x00000000fdb80000,0x00000000fdb80000,0x0000000100000000)
 ParOldGen       total 57344K, used 44717K [0x00000000c2a00000, 0x00000000c6200000, 0x00000000eb900000)
  object space 57344K, 77% used [0x00000000c2a00000,0x00000000c55ab618,0x00000000c6200000)
 Metaspace       used 35302K, capacity 36426K, committed 36568K, reserved 1081344K
  class space    used 4233K, capacity 4467K, committed 4480K, reserved 1048576K

Deoptimization events (10 events):
Event: 21.247 Thread 0x00007ff16c01a800 Uncommon trap: reason=bimorphic action=maybe_recompile pc=0x00007ff1d18ebc58 method=java.util.AbstractCollection.isEmpty()Z @ 1
Event: 36.856 Thread 0x00007ff174002000 Uncommon trap: reason=unstable_if action=reinterpret pc=0x00007ff1d16e9784 method=java.io.ExpiringCache.entryFor(Ljava/lang/String;)Ljava/io/ExpiringCache$Entry; @ 39
Event: 42.250 Thread 0x00007ff1e09c6800 Uncommon trap: reason=unstable_if action=reinterpret pc=0x00007ff1d1a4c830 method=java.util.HashMap$HashIterator.<init>(Ljava/util/HashMap;)V @ 45
Event: 43.251 Thread 0x00007ff1e09c6800 Uncommon trap: reason=unstable_if action=reinterpret pc=0x00007ff1d16713a8 method=java.util.HashMap$HashIterator.<init>(Ljava/util/HashMap;)V @ 45
Event: 258.379 Thread 0x00007ff1e0998800 Uncommon trap: reason=class_check action=maybe_recompile pc=0x00007ff1d19ab284 method=org.apache.catalina.webresources.StandardRoot.getResourceInternal(Ljava/lang/String;Z)Lorg/apache/catalina/WebResource; @ 78
Event: 258.380 Thread 0x00007ff1e0998800 Uncommon trap: reason=unstable_if action=reinterpret pc=0x00007ff1d1b61c34 method=org.apache.catalina.webresources.AbstractSingleArchiveResourceSet.isMultiRelease()Z @ 4
Event: 258.380 Thread 0x00007ff1e0998800 Uncommon trap: reason=unstable_if action=reinterpret pc=0x00007ff1d1672fbc method=org.apache.catalina.webresources.AbstractSingleArchiveResourceSet.isMultiRelease()Z @ 4
Event: 258.471 Thread 0x00007ff1e0998800 Uncommon trap: reason=class_check action=maybe_recompile pc=0x00007ff1d19ab284 method=org.apache.catalina.webresources.StandardRoot.getResourceInternal(Ljava/lang/String;Z)Lorg/apache/catalina/WebResource; @ 78
Event: 258.636 Thread 0x00007ff1e0998800 Uncommon trap: reason=class_check action=maybe_recompile pc=0x00007ff1d19ab284 method=org.apache.catalina.webresources.StandardRoot.getResourceInternal(Ljava/lang/String;Z)Lorg/apache/catalina/WebResource; @ 78
Event: 258.659 Thread 0x00007ff1e0998800 Uncommon trap: reason=unstable_if action=reinterpret pc=0x00007ff1d171085c method=org.apache.catalina.startup.ContextConfig.populateSCIsForCacheEntry(Lorg/apache/catalina/startup/ContextConfig$JavaClassCacheEntry;Ljava/util/Map;)V @ 33

Classes redefined (0 events):
No events

Internal exceptions (10 events):
Event: 5.456 Thread 0x00007ff1e000b000 Exception <a 'java/lang/NoSuchMethodError': java.lang.Object.$anonfun$typedActorOf$4(Lakka/actor/TypedActorFactory;Lakka/actor/Props;Ljava/lang/String;)Lakka/actor/ActorRef;> (0x00000000f195b810) thrown at [/build/openjdk-8-RKFhH1/openjdk-8-8u292-b10/src/
Event: 6.161 Thread 0x00007ff16c014800 Implicit null exception at 0x00007ff1d16821b9 to 0x00007ff1d1684005
Event: 6.162 Thread 0x00007ff16c014800 Implicit null exception at 0x00007ff1d165462c to 0x00007ff1d1654b2d
Event: 11.345 Thread 0x00007ff15808e800 Implicit null exception at 0x00007ff1d12a7b60 to 0x00007ff1d12a7bd9
Event: 11.363 Thread 0x00007ff15808c800 Exception <a 'java/lang/NullPointerException'> (0x00000000f09ebbf8) thrown at [/build/openjdk-8-RKFhH1/openjdk-8-8u292-b10/src/hotspot/src/share/vm/interpreter/linkResolver.cpp, line 1185]
Event: 12.182 Thread 0x00007ff15808e800 Implicit null exception at 0x00007ff1d1abd6b8 to 0x00007ff1d1abd7f5
Event: 12.868 Thread 0x00007ff16c016800 Implicit null exception at 0x00007ff1d12cf790 to 0x00007ff1d12cf7e1
Event: 258.439 Thread 0x00007ff1e0998800 Exception <a 'java/io/FileNotFoundException'> (0x00000000efb1be30) thrown at [/build/openjdk-8-RKFhH1/openjdk-8-8u292-b10/src/hotspot/src/share/vm/prims/jni.cpp, line 711]
Event: 258.598 Thread 0x00007ff1e0998800 Implicit null exception at 0x00007ff1d13115a1 to 0x00007ff1d1313c28
Event: 258.600 Thread 0x00007ff1e0998800 Exception <a 'java/lang/NullPointerException'> (0x00000000efb2ff38) thrown at [/build/openjdk-8-RKFhH1/openjdk-8-8u292-b10/src/hotspot/src/share/vm/runtime/sharedRuntime.cpp, line 609]

Events (10 events):
Event: 260.227 Thread 0x00007ff1e00bb800 flushing nmethod 0x00007ff1d125fa50
Event: 260.480 Thread 0x00007ff1e00c0000 flushing nmethod 0x00007ff1d1550e50
Event: 260.491 Thread 0x00007ff1e00c0000 flushing nmethod 0x00007ff1d15e0210
Event: 260.492 Thread 0x00007ff1e00c0000 flushing nmethod 0x00007ff1d16162d0
Event: 260.509 Thread 0x00007ff1e00be800 flushing nmethod 0x00007ff1d1670fd0
Event: 260.552 Thread 0x00007ff1e00bb800 flushing nmethod 0x00007ff1d16e90d0
Event: 260.982 Thread 0x00007ff1e00c0000 flushing nmethod 0x00007ff1d1a4c150
Event: 261.060 Thread 0x00007ff1e00c0000 flushing nmethod 0x00007ff1d1acde10
Event: 261.060 Thread 0x00007ff1e00c0000 flushing nmethod 0x00007ff1d1ace6d0
Event: 261.153 Executing VM operation: ParallelGCFailedAllocation


Dynamic libraries:
c2a00000-c6200000 rw-p 00000000 00:00 0 
c8d00000-eb900000 ---p 00000000 00:00 0 
eb900000-100000000 rw-p 00000000 00:00 0 
100000000-100460000 rw-p 00000000 00:00 0 
100460000-140000000 ---p 00000000 00:00 0 
5568db0a7000-5568db0a8000 r-xp 00000000 08:01 1053977                    /usr/lib/jvm/java-8-openjdk-amd64/jre/bin/java
5568db2a7000-5568db2a8000 r--p 00000000 08:01 1053977                    /usr/lib/jvm/java-8-openjdk-amd64/jre/bin/java
5568db2a8000-5568db2a9000 rw-p 00001000 08:01 1053977                    /usr/lib/jvm/java-8-openjdk-amd64/jre/bin/java
5568dc817000-5568dc838000 rw-p 00000000 00:00 0                          [heap]
7ff148000000-7ff148021000 rw-p 00000000 00:00 0 
7ff148021000-7ff14c000000 ---p 00000000 00:00 0 
7ff150000000-7ff15003c000 rw-p 00000000 00:00 0 
7ff15003c000-7ff154000000 ---p 00000000 00:00 0 
7ff154000000-7ff154021000 rw-p 00000000 00:00 0 
7ff154021000-7ff158000000 ---p 00000000 00:00 0 
7ff158000000-7ff1580ea000 rw-p 00000000 00:00 0 
7ff1580ea000-7ff15c000000 ---p 00000000 00:00 0 
7ff15c000000-7ff15c0c6000 rw-p 00000000 00:00 0 
7ff15c0c6000-7ff160000000 ---p 00000000 00:00 0 
7ff160000000-7ff160021000 rw-p 00000000 00:00 0 
7ff160021000-7ff164000000 ---p 00000000 00:00 0 
7ff164000000-7ff16404b000 rw-p 00000000 00:00 0 
7ff16404b000-7ff168000000 ---p 00000000 00:00 0 
7ff168000000-7ff16807c000 rw-p 00000000 00:00 0 
7ff16807c000-7ff16c000000 ---p 00000000 00:00 0 
7ff16c000000-7ff16c021000 rw-p 00000000 00:00 0 
7ff16c021000-7ff170000000 ---p 00000000 00:00 0 
7ff170000000-7ff17002f000 rw-p 00000000 00:00 0 
7ff17002f000-7ff174000000 ---p 00000000 00:00 0 
7ff174000000-7ff174335000 rw-p 00000000 00:00 0 
7ff174335000-7ff178000000 ---p 00000000 00:00 0 
7ff178000000-7ff1780a4000 rw-p 00000000 00:00 0 
7ff1780a4000-7ff17c000000 ---p 00000000 00:00 0 
7ff17c000000-7ff17c021000 rw-p 00000000 00:00 0 
7ff17c021000-7ff180000000 ---p 00000000 00:00 0 
7ff180000000-7ff1801a9000 rw-p 00000000 00:00 0 
7ff1801a9000-7ff184000000 ---p 00000000 00:00 0 
7ff184000000-7ff184021000 rw-p 00000000 00:00 0 
7ff184021000-7ff188000000 ---p 00000000 00:00 0 
7ff188000000-7ff188021000 rw-p 00000000 00:00 0 
7ff188021000-7ff18c000000 ---p 00000000 00:00 0 
7ff18c000000-7ff18c021000 rw-p 00000000 00:00 0 
7ff18c021000-7ff190000000 ---p 00000000 00:00 0 
7ff190000000-7ff190021000 rw-p 00000000 00:00 0 
7ff190021000-7ff194000000 ---p 00000000 00:00 0 
7ff194000000-7ff194021000 rw-p 00000000 00:00 0 
7ff194021000-7ff198000000 ---p 00000000 00:00 0 
7ff198000000-7ff199a33000 rw-p 00000000 00:00 0 
7ff199a33000-7ff19c000000 ---p 00000000 00:00 0 
7ff19c000000-7ff19c866000 rw-p 00000000 00:00 0 
7ff19c866000-7ff1a0000000 ---p 00000000 00:00 0 
7ff1a0000000-7ff1a0021000 rw-p 00000000 00:00 0 
7ff1a0021000-7ff1a4000000 ---p 00000000 00:00 0 
7ff1a4000000-7ff1a630b000 rw-p 00000000 00:00 0 
7ff1a630b000-7ff1a8000000 ---p 00000000 00:00 0 
7ff1a8000000-7ff1a8021000 rw-p 00000000 00:00 0 
7ff1a8021000-7ff1ac000000 ---p 00000000 00:00 0 
7ff1ac000000-7ff1ac021000 rw-p 00000000 00:00 0 
7ff1ac021000-7ff1b0000000 ---p 00000000 00:00 0 
7ff1b0000000-7ff1b0021000 rw-p 00000000 00:00 0 
7ff1b0021000-7ff1b4000000 ---p 00000000 00:00 0 
7ff1b4000000-7ff1b414a000 rw-p 00000000 00:00 0 
7ff1b414a000-7ff1b8000000 ---p 00000000 00:00 0 
7ff1b8000000-7ff1b8021000 rw-p 00000000 00:00 0 
7ff1b8021000-7ff1bc000000 ---p 00000000 00:00 0 
7ff1bfeff000-7ff1bff02000 ---p 00000000 00:00 0 
7ff1bff02000-7ff1c0000000 rw-p 00000000 00:00 0 
7ff1c0000000-7ff1c0021000 rw-p 00000000 00:00 0 
7ff1c0021000-7ff1c4000000 ---p 00000000 00:00 0 
7ff1c4018000-7ff1c401b000 ---p 00000000 00:00 0 
7ff1c401b000-7ff1c41a7000 rw-p 00000000 00:00 0 
7ff1c41a7000-7ff1c4251000 ---p 00000000 00:00 0 
7ff1c4251000-7ff1c4268000 r-xp 00000000 08:01 267415                     /lib/x86_64-linux-gnu/libresolv-2.23.so
7ff1c4268000-7ff1c4468000 ---p 00017000 08:01 267415                     /lib/x86_64-linux-gnu/libresolv-2.23.so
7ff1c4468000-7ff1c4469000 r--p 00017000 08:01 267415                     /lib/x86_64-linux-gnu/libresolv-2.23.so
7ff1c4469000-7ff1c446a000 rw-p 00018000 08:01 267415                     /lib/x86_64-linux-gnu/libresolv-2.23.so
7ff1c446a000-7ff1c446c000 rw-p 00000000 00:00 0 
7ff1c446c000-7ff1c4471000 r-xp 00000000 08:01 262231                     /lib/x86_64-linux-gnu/libnss_dns-2.23.so
7ff1c4471000-7ff1c4671000 ---p 00005000 08:01 262231                     /lib/x86_64-linux-gnu/libnss_dns-2.23.so
7ff1c4671000-7ff1c4672000 r--p 00005000 08:01 262231                     /lib/x86_64-linux-gnu/libnss_dns-2.23.so
7ff1c4672000-7ff1c4673000 rw-p 00006000 08:01 262231                     /lib/x86_64-linux-gnu/libnss_dns-2.23.so
7ff1c4673000-7ff1c4675000 r-xp 00000000 08:01 267843                     /lib/x86_64-linux-gnu/libnss_mdns4_minimal.so.2
7ff1c4675000-7ff1c4874000 ---p 00002000 08:01 267843                     /lib/x86_64-linux-gnu/libnss_mdns4_minimal.so.2
7ff1c4874000-7ff1c4875000 r--p 00001000 08:01 267843                     /lib/x86_64-linux-gnu/libnss_mdns4_minimal.so.2
7ff1c4875000-7ff1c4876000 rw-p 00002000 08:01 267843                     /lib/x86_64-linux-gnu/libnss_mdns4_minimal.so.2
7ff1c488c000-7ff1c4a8c000 rw-p 00000000 00:00 0 
7ff1c4a8c000-7ff1c4a8f000 ---p 00000000 00:00 0 
7ff1c4a8f000-7ff1c4b8d000 rw-p 00000000 00:00 0 
7ff1c4b8d000-7ff1c4b90000 ---p 00000000 00:00 0 
7ff1c4b90000-7ff1c4c8e000 rw-p 00000000 00:00 0 
7ff1c4c8e000-7ff1c4c91000 ---p 00000000 00:00 0 
7ff1c4c91000-7ff1c4d8f000 rw-p 00000000 00:00 0 
7ff1c4d8f000-7ff1c4d92000 ---p 00000000 00:00 0 
7ff1c4d92000-7ff1c4e90000 rw-p 00000000 00:00 0 
7ff1c4e90000-7ff1c4e93000 ---p 00000000 00:00 0 
7ff1c4e93000-7ff1c4f91000 rw-p 00000000 00:00 0 
7ff1c4f91000-7ff1c4f94000 ---p 00000000 00:00 0 
7ff1c4f94000-7ff1c5092000 rw-p 00000000 00:00 0 
7ff1c5092000-7ff1c5095000 ---p 00000000 00:00 0 
7ff1c5095000-7ff1c5193000 rw-p 00000000 00:00 0 
7ff1c5193000-7ff1c5196000 ---p 00000000 00:00 0 
7ff1c5196000-7ff1c5294000 rw-p 00000000 00:00 0 
7ff1c5294000-7ff1c5297000 ---p 00000000 00:00 0 
7ff1c5297000-7ff1c5395000 rw-p 00000000 00:00 0 
7ff1c5395000-7ff1c5398000 ---p 00000000 00:00 0 
7ff1c5398000-7ff1c5496000 rw-p 00000000 00:00 0 
7ff1c5496000-7ff1c5499000 ---p 00000000 00:00 0 
7ff1c5499000-7ff1c5597000 rw-p 00000000 00:00 0 
7ff1c5597000-7ff1c559a000 ---p 00000000 00:00 0 
7ff1c559a000-7ff1c5698000 rw-p 00000000 00:00 0 
7ff1c5698000-7ff1c569b000 ---p 00000000 00:00 0 
7ff1c569b000-7ff1c5799000 rw-p 00000000 00:00 0 
7ff1c5799000-7ff1c579c000 ---p 00000000 00:00 0 
7ff1c579c000-7ff1c589a000 rw-p 00000000 00:00 0 
7ff1c589a000-7ff1c589d000 ---p 00000000 00:00 0 
7ff1c589d000-7ff1c599b000 rw-p 00000000 00:00 0 
7ff1c599b000-7ff1c599e000 ---p 00000000 00:00 0 
7ff1c599e000-7ff1c5a9c000 rw-p 00000000 00:00 0 
7ff1c5a9c000-7ff1c5a9f000 ---p 00000000 00:00 0 
7ff1c5a9f000-7ff1c5b9d000 rw-p 00000000 00:00 0 
7ff1c5b9d000-7ff1c5ba0000 ---p 00000000 00:00 0 
7ff1c5ba0000-7ff1c5c9e000 rw-p 00000000 00:00 0 
7ff1c5c9e000-7ff1c5ca1000 ---p 00000000 00:00 0 
7ff1c5ca1000-7ff1c5d9f000 rw-p 00000000 00:00 0 
7ff1c5d9f000-7ff1c5da2000 ---p 00000000 00:00 0 
7ff1c5da2000-7ff1c5ea0000 rw-p 00000000 00:00 0 
7ff1c5ea0000-7ff1c5ea3000 ---p 00000000 00:00 0 
7ff1c5ea3000-7ff1c5fa1000 rw-p 00000000 00:00 0 
7ff1c5fa1000-7ff1c5fa3000 r--s 0000c000 08:01 1581893                    /home/trinhlk/eclipse-workspace-2019/.metadata/.plugins/org.eclipse.wst.server.core/tmp0/wtpwebapps/JavaBIPMonitor/WEB-INF/lib/slf4j-api-2.0.0-alpha1.jar
7ff1c5fa3000-7ff1c5fa5000 r--s 0000e000 08:01 1581912                    /home/trinhlk/eclipse-workspace-2019/.metadata/.plugins/org.eclipse.wst.server.core/tmp0/wtpwebapps/JavaBIPMonitor/WEB-INF/lib/classmate-1.3.4.jar
7ff1c5fa5000-7ff1c5faf000 r--s 0005c000 08:01 1581897                    /home/trinhlk/eclipse-workspace-2019/.metadata/.plugins/org.eclipse.wst.server.core/tmp0/wtpwebapps/JavaBIPMonitor/WEB-INF/lib/jstl-1.2.jar
7ff1c5faf000-7ff1c5fb4000 r--s 0004b000 08:01 1581914                    /home/trinhlk/eclipse-workspace-2019/.metadata/.plugins/org.eclipse.wst.server.core/tmp0/wtpwebapps/JavaBIPMonitor/WEB-INF/lib/dom4j-2.1.1.jar
7ff1c5fb4000-7ff1c5fb8000 r--s 00026000 08:01 1581900                    /home/trinhlk/eclipse-workspace-2019/.metadata/.plugins/org.eclipse.wst.server.core/tmp0/wtpwebapps/JavaBIPMonitor/WEB-INF/lib/commons-digester-1.6.jar
7ff1c5fb8000-7ff1c5fbd000 r--s 00036000 08:01 1581884                    /home/trinhlk/eclipse-workspace-2019/.metadata/.plugins/org.eclipse.wst.server.core/tmp0/wtpwebapps/JavaBIPMonitor/WEB-INF/lib/gson-2.8.5.jar
7ff1c5fbd000-7ff1c5fd5000 r--s 0021f000 08:01 1581922                    /home/trinhlk/eclipse-workspace-2019/.metadata/.plugins/org.eclipse.wst.server.core/tmp0/wtpwebapps/JavaBIPMonitor/WEB-INF/lib/mysql-connector-java-8.0.17.jar
7ff1c5fd5000-7ff1c5fdf000 r--s 000b4000 08:01 1581907                    /home/trinhlk/eclipse-workspace-2019/.metadata/.plugins/org.eclipse.wst.server.core/tmp0/wtpwebapps/JavaBIPMonitor/WEB-INF/lib/javassist-3.24.0-GA.jar
7ff1c5fdf000-7ff1c5fe1000 r--s 00003000 08:01 1581875                    /home/trinhlk/eclipse-workspace-2019/.metadata/.plugins/org.eclipse.wst.server.core/tmp0/wtpwebapps/JavaBIPMonitor/WEB-INF/lib/org.javabip.api-0.1.0-SNAPSHOT.jar
7ff1c5fe1000-7ff1c5fe3000 r--s 0000c000 08:01 1581913                    /home/trinhlk/eclipse-workspace-2019/.metadata/.plugins/org.eclipse.wst.server.core/tmp0/wtpwebapps/JavaBIPMonitor/WEB-INF/lib/javax.activation-api-1.2.0.jar
7ff1c5fe3000-7ff1c5fe4000 r--s 00007000 08:01 1581878                    /home/trinhlk/eclipse-workspace-2019/.metadata/.plugins/org.eclipse.wst.server.core/tmp0/wtpwebapps/JavaBIPMonitor/WEB-INF/lib/org.javabip.engine.factory-0.1.0-SNAPSHOT.jar
7ff1c5fe4000-7ff1c5fe7000 r--s 00026000 08:01 1581894                    /home/trinhlk/eclipse-workspace-2019/.metadata/.plugins/org.eclipse.wst.server.core/tmp0/wtpwebapps/JavaBIPMonitor/WEB-INF/lib/antlr-runtime-3.5.2.jar
7ff1c5fe7000-7ff1c5fec000 r--s 00016000 08:01 1581902                    /home/trinhlk/eclipse-workspace-2019/.metadata/.plugins/org.eclipse.wst.server.core/tmp0/wtpwebapps/JavaBIPMonitor/WEB-INF/lib/xml-apis-1.0.b2.jar
7ff1c5fec000-7ff1c602b000 r--s 00536000 08:01 1581888                    /home/trinhlk/eclipse-workspace-2019/.metadata/.plugins/org.eclipse.wst.server.core/tmp0/wtpwebapps/JavaBIPMonitor/WEB-INF/lib/scala-library-2.13.1.jar
7ff1c602b000-7ff1c6031000 r--s 00023000 08:01 1581906                    /home/trinhlk/eclipse-workspace-2019/.metadata/.plugins/org.eclipse.wst.server.core/tmp0/wtpwebapps/JavaBIPMonitor/WEB-INF/lib/javax.persistence-api-2.2.jar
7ff1c6031000-7ff1c6032000 r--s 00006000 08:01 1581877                    /home/trinhlk/eclipse-workspace-2019/.metadata/.plugins/org.eclipse.wst.server.core/tmp0/wtpwebapps/JavaBIPMonitor/WEB-INF/lib/org.javabip.engine.coordinator-0.1.0-SNAPSHOT.jar
7ff1c6032000-7ff1c6035000 r--s 0002b000 08:01 1581911                    /home/trinhlk/eclipse-workspace-2019/.metadata/.plugins/org.eclipse.wst.server.core/tmp0/wtpwebapps/JavaBIPMonitor/WEB-INF/lib/jandex-2.0.5.Final.jar
7ff1c6035000-7ff1c6039000 r--s 0001c000 08:01 1581916                    /home/trinhlk/eclipse-workspace-2019/.metadata/.plugins/org.eclipse.wst.server.core/tmp0/wtpwebapps/JavaBIPMonitor/WEB-INF/lib/jaxb-api-2.3.1.jar
7ff1c6039000-7ff1c6041000 r--s 00078000 08:01 1581882                    /home/trinhlk/eclipse-workspace-2019/.metadata/.plugins/org.eclipse.wst.server.core/tmp0/wtpwebapps/JavaBIPMonitor/WEB-INF/lib/commons-lang3-3.10.jar
7ff1c6041000-7ff1c604d000 r--s 000d8000 08:01 1581924                    /home/trinhlk/eclipse-workspace-2019/.metadata/.plugins/org.eclipse.wst.server.core/tmp0/wtpwebapps/JavaBIPMonitor/WEB-INF/lib/postgresql-42.2.12.jar
7ff1c604d000-7ff1c60d3000 r--s 00649000 08:01 1581904                    /home/trinhlk/eclipse-workspace-2019/.metadata/.plugins/org.eclipse.wst.server.core/tmp0/wtpwebapps/JavaBIPMonitor/WEB-INF/lib/hibernate-core-5.4.4.Final.jar
7ff1c60d3000-7ff1c60d9000 r--s 00047000 08:01 1581921                    /home/trinhlk/eclipse-workspace-2019/.metadata/.plugins/org.eclipse.wst.server.core/tmp0/wtpwebapps/JavaBIPMonitor/WEB-INF/lib/FastInfoset-1.2.15.jar
7ff1c60d9000-7ff1c60db000 r--s 00004000 08:01 1581880                    /home/trinhlk/eclipse-workspace-2019/.metadata/.plugins/org.eclipse.wst.server.core/tmp0/wtpwebapps/JavaBIPMonitor/WEB-INF/lib/org.javabip.glue-0.1.0-SNAPSHOT.jar
7ff1c60db000-7ff1c60ef000 r--s 000f7000 08:01 1581917                    /home/trinhlk/eclipse-workspace-2019/.metadata/.plugins/org.eclipse.wst.server.core/tmp0/wtpwebapps/JavaBIPMonitor/WEB-INF/lib/jaxb-runtime-2.3.1.jar
7ff1c60ef000-7ff1c60f2000 r--s 00012000 08:01 1581887                    /home/trinhlk/eclipse-workspace-2019/.metadata/.plugins/org.eclipse.wst.server.core/tmp0/wtpwebapps/JavaBIPMonitor/WEB-INF/lib/javax.servlet-api-3.0.1.jar
7ff1c60f2000-7ff1c60f5000 r--s 00010000 08:01 1581881                    /home/trinhlk/eclipse-workspace-2019/.metadata/.plugins/org.eclipse.wst.server.core/tmp0/wtpwebapps/JavaBIPMonitor/WEB-INF/lib/org.javabip.spec.examples-0.1.0-SNAPSHOT.jar
7ff1c60f5000-7ff1c60f8000 ---p 00000000 00:00 0 
7ff1c60f8000-7ff1c61f6000 rw-p 00000000 00:00 0 
7ff1c61f6000-7ff1c61f9000 ---p 00000000 00:00 0 
7ff1c61f9000-7ff1c62f7000 rw-p 00000000 00:00 0 
7ff1c62f7000-7ff1c62fa000 ---p 00000000 00:00 0 
7ff1c62fa000-7ff1c65f8000 rw-p 00000000 00:00 0 
7ff1c65f8000-7ff1c65fb000 ---p 00000000 00:00 0 
7ff1c65fb000-7ff1c66f9000 rw-p 00000000 00:00 0 
7ff1c66f9000-7ff1c66fc000 ---p 00000000 00:00 0 
7ff1c66fc000-7ff1c67fa000 rw-p 00000000 00:00 0 
7ff1c67fa000-7ff1c67fd000 ---p 00000000 00:00 0 
7ff1c67fd000-7ff1c6afb000 rw-p 00000000 00:00 0 
7ff1c6afb000-7ff1c6afe000 ---p 00000000 00:00 0 
7ff1c6afe000-7ff1c6bfc000 rw-p 00000000 00:00 0 
7ff1c6bfc000-7ff1c6bff000 ---p 00000000 00:00 0 
7ff1c6bff000-7ff1c6cfd000 rw-p 00000000 00:00 0 
7ff1c6cfd000-7ff1c6d00000 ---p 00000000 00:00 0 
7ff1c6d00000-7ff1c6dfe000 rw-p 00000000 00:00 0 
7ff1c6dfe000-7ff1c6e01000 ---p 00000000 00:00 0 
7ff1c6e01000-7ff1c70ff000 rw-p 00000000 00:00 0 
7ff1c70ff000-7ff1c7102000 ---p 00000000 00:00 0 
7ff1c7102000-7ff1c7400000 rw-p 00000000 00:00 0 
7ff1c7400000-7ff1c7600000 rw-p 00000000 00:00 0 
7ff1c7600000-7ff1c7800000 rw-p 00000000 00:00 0 
7ff1c7800000-7ff1c8000000 rw-p 00000000 00:00 0 
7ff1c8000000-7ff1c8021000 rw-p 00000000 00:00 0 
7ff1c8021000-7ff1cc000000 ---p 00000000 00:00 0 
7ff1cc000000-7ff1cc002000 r--s 00005000 08:01 1581919                    /home/trinhlk/eclipse-workspace-2019/.metadata/.plugins/org.eclipse.wst.server.core/tmp0/wtpwebapps/JavaBIPMonitor/WEB-INF/lib/istack-commons-runtime-3.0.7.jar
7ff1cc002000-7ff1cc049000 r--s 002d9000 08:01 1581908                    /home/trinhlk/eclipse-workspace-2019/.metadata/.plugins/org.eclipse.wst.server.core/tmp0/wtpwebapps/JavaBIPMonitor/WEB-INF/lib/byte-buddy-1.9.11.jar
7ff1cc049000-7ff1cc04c000 r--s 0001f000 08:01 1581898                    /home/trinhlk/eclipse-workspace-2019/.metadata/.plugins/org.eclipse.wst.server.core/tmp0/wtpwebapps/JavaBIPMonitor/WEB-INF/lib/commons-validator-1.3.1.jar
7ff1cc04c000-7ff1cc04e000 r--s 00008000 08:01 1581903                    /home/trinhlk/eclipse-workspace-2019/.metadata/.plugins/org.eclipse.wst.server.core/tmp0/wtpwebapps/JavaBIPMonitor/WEB-INF/lib/commons-logging-1.0.4.jar
7ff1cc04e000-7ff1cc050000 r--s 00005000 08:01 1581910                    /home/trinhlk/eclipse-workspace-2019/.metadata/.plugins/org.eclipse.wst.server.core/tmp0/wtpwebapps/JavaBIPMonitor/WEB-INF/lib/jboss-transaction-api_1.2_spec-1.1.1.Final.jar
7ff1cc050000-7ff1cc053000 r--s 00038000 08:01 1581874                    /home/trinhlk/eclipse-workspace-2019/.metadata/.plugins/org.eclipse.wst.server.core/tmp0/wtpwebapps/JavaBIPMonitor/WEB-INF/lib/javabdd-1.0b2.jar
7ff1cc053000-7ff1cc056000 r--s 0000f000 08:01 1581918                    /home/trinhlk/eclipse-workspace-2019/.metadata/.plugins/org.eclipse.wst.server.core/tmp0/wtpwebapps/JavaBIPMonitor/WEB-INF/lib/txw2-2.3.1.jar
7ff1cc056000-7ff1cc057000 r--s 00001000 08:01 1581876                    /home/trinhlk/eclipse-workspace-2019/.metadata/.plugins/org.eclipse.wst.server.core/tmp0/wtpwebapps/JavaBIPMonitor/WEB-INF/lib/org.javabip.engine.api-0.1.0-SNAPSHOT.jar
7ff1cc057000-7ff1cc060000 r--s 0006f000 08:01 1581925                    /home/trinhlk/eclipse-workspace-2019/.metadata/.plugins/org.eclipse.wst.server.core/tmp0/wtpwebapps/JavaBIPMonitor/WEB-INF/lib/log4j-1.2.17.jar
7ff1cc060000-7ff1cc065000 r--s 00040000 08:01 1581889                    /home/trinhlk/eclipse-workspace-2019/.metadata/.plugins/org.eclipse.wst.server.core/tmp0/wtpwebapps/JavaBIPMonitor/WEB-INF/lib/config-1.3.1.jar
7ff1cc065000-7ff1cc067000 r--s 0000f000 08:01 1581905                    /home/trinhlk/eclipse-workspace-2019/.metadata/.plugins/org.eclipse.wst.server.core/tmp0/wtpwebapps/JavaBIPMonitor/WEB-INF/lib/jboss-logging-3.3.2.Final.jar
7ff1cc067000-7ff1cc06a000 r--s 0003d000 08:01 1581892                    /home/trinhlk/eclipse-workspace-2019/.metadata/.plugins/org.eclipse.wst.server.core/tmp0/wtpwebapps/JavaBIPMonitor/WEB-INF/lib/akka-testkit_2.13-2.6.0-M8.jar
7ff1cc06a000-7ff1cc07a000 r--s 0014c000 08:01 1581923                    /home/trinhlk/eclipse-workspace-2019/.metadata/.plugins/org.eclipse.wst.server.core/tmp0/wtpwebapps/JavaBIPMonitor/WEB-INF/lib/protobuf-java-3.6.1.jar
7ff1cc07a000-7ff1cc07b000 r--s 00008000 08:01 1581920                    /home/trinhlk/eclipse-workspace-2019/.metadata/.plugins/org.eclipse.wst.server.core/tmp0/wtpwebapps/JavaBIPMonitor/WEB-INF/lib/stax-ex-1.8.jar
7ff1cc07b000-7ff1cc088000 r--s 00090000 08:01 1581891                    /home/trinhlk/eclipse-workspace-2019/.metadata/.plugins/org.eclipse.wst.server.core/tmp0/wtpwebapps/JavaBIPMonitor/WEB-INF/lib/scala-java8-compat_2.13-0.9.0.jar
7ff1cc088000-7ff1cc0ae000 r--s 00344000 08:01 1581890                    /home/trinhlk/eclipse-workspace-2019/.metadata/.plugins/org.eclipse.wst.server.core/tmp0/wtpwebapps/JavaBIPMonitor/WEB-INF/lib/akka-actor_2.13-2.5.26.jar
7ff1cc0ae000-7ff1cc2ae000 rw-p 00000000 00:00 0 
7ff1cc2ae000-7ff1cc2b1000 r--s 00010000 08:01 1581915                    /home/trinhlk/eclipse-workspace-2019/.metadata/.plugins/org.eclipse.wst.server.core/tmp0/wtpwebapps/JavaBIPMonitor/WEB-INF/lib/hibernate-commons-annotations-5.1.0.Final.jar
7ff1cc2b1000-7ff1cc2b2000 r--s 0000f000 08:01 1581885                    /home/trinhlk/eclipse-workspace-2019/.metadata/.plugins/org.eclipse.wst.server.core/tmp0/wtpwebapps/JavaBIPMonitor/WEB-INF/lib/json-20180813.jar
7ff1cc2b2000-7ff1cc2b5000 r--s 0001b000 08:01 1581886                    /home/trinhlk/eclipse-workspace-2019/.metadata/.plugins/org.eclipse.wst.server.core/tmp0/wtpwebapps/JavaBIPMonitor/WEB-INF/lib/junit-3.8.1.jar
7ff1cc2b5000-7ff1cc2b8000 ---p 00000000 00:00 0 
7ff1cc2b8000-7ff1cc3b6000 rw-p 00000000 00:00 0 
7ff1cc3b6000-7ff1cc3c9000 r--s 0034b000 08:01 1053942                    /usr/lib/jvm/java-8-openjdk-amd64/jre/lib/resources.jar
7ff1cc3c9000-7ff1cc3ce000 r--s 00068000 08:01 1581909                    /home/trinhlk/eclipse-workspace-2019/.metadata/.plugins/org.eclipse.wst.server.core/tmp0/wtpwebapps/JavaBIPMonitor/WEB-INF/lib/antlr-2.7.7.jar
7ff1cc3ce000-7ff1cc3d3000 r--s 0002a000 08:01 1581899                    /home/trinhlk/eclipse-workspace-2019/.metadata/.plugins/org.eclipse.wst.server.core/tmp0/wtpwebapps/JavaBIPMonitor/WEB-INF/lib/commons-beanutils-1.7.0.jar
7ff1cc3d3000-7ff1cc3d5000 r--s 001b5000 08:01 1581879                    /home/trinhlk/eclipse-workspace-2019/.metadata/.plugins/org.eclipse.wst.server.core/tmp0/wtpwebapps/JavaBIPMonitor/WEB-INF/lib/org.javabip.executor-0.1.0-SNAPSHOT.jar
7ff1cc3d5000-7ff1cc3db000 r--s 00023000 08:01 1581901                    /home/trinhlk/eclipse-workspace-2019/.metadata/.plugins/org.eclipse.wst.server.core/tmp0/wtpwebapps/JavaBIPMonitor/WEB-INF/lib/commons-collections-2.1.jar
7ff1cc3db000-7ff1cc3e0000 r--s 00037000 08:01 1581895                    /home/trinhlk/eclipse-workspace-2019/.metadata/.plugins/org.eclipse.wst.server.core/tmp0/wtpwebapps/JavaBIPMonitor/WEB-INF/lib/antlr4-runtime-4.0.jar
7ff1cc3e0000-7ff1cc3e4000 r--s 00052000 08:01 1581883                    /home/trinhlk/eclipse-workspace-2019/.metadata/.plugins/org.eclipse.wst.server.core/tmp0/wtpwebapps/JavaBIPMonitor/WEB-INF/lib/jackson-core-2.11.0.jar
7ff1cc3e4000-7ff1cc3e6000 r--s 00005000 08:01 1581896                    /home/trinhlk/eclipse-workspace-2019/.metadata/.plugins/org.eclipse.wst.server.core/tmp0/wtpwebapps/JavaBIPMonitor/WEB-INF/lib/org.abego.treelayout.core-1.0.1.jar
7ff1cc3e6000-7ff1cc3e9000 ---p 00000000 00:00 0 
7ff1cc3e9000-7ff1cc6e7000 rw-p 00000000 00:00 0 
7ff1cc6e7000-7ff1cc8e7000 rw-p 00000000 00:00 0 
7ff1cc8e7000-7ff1cc90f000 r-xp 00000000 08:01 1053921                    /usr/lib/jvm/java-8-openjdk-amd64/jre/lib/amd64/libsunec.so
7ff1cc90f000-7ff1ccb0f000 ---p 00028000 08:01 1053921                    /usr/lib/jvm/java-8-openjdk-amd64/jre/lib/amd64/libsunec.so
7ff1ccb0f000-7ff1ccb13000 r--p 00028000 08:01 1053921                    /usr/lib/jvm/java-8-openjdk-amd64/jre/lib/amd64/libsunec.so
7ff1ccb13000-7ff1ccb14000 rw-p 0002c000 08:01 1053921                    /usr/lib/jvm/java-8-openjdk-amd64/jre/lib/amd64/libsunec.so
7ff1ccb14000-7ff1ccb16000 r--s 00016000 08:01 1053851                    /usr/lib/jvm/java-8-openjdk-amd64/jre/lib/jce.jar
7ff1ccb16000-7ff1ccb27000 r--s 001bf000 08:01 1053861                    /usr/lib/jvm/java-8-openjdk-amd64/jre/lib/jsse.jar
7ff1ccb27000-7ff1ccd27000 rw-p 00000000 00:00 0 
7ff1ccd27000-7ff1ccd2a000 ---p 00000000 00:00 0 
7ff1ccd2a000-7ff1cce28000 rw-p 00000000 00:00 0 
7ff1cce28000-7ff1cce31000 r-xp 00000000 08:01 1053905                    /usr/lib/jvm/java-8-openjdk-amd64/jre/lib/amd64/libmanagement.so
7ff1cce31000-7ff1cd030000 ---p 00009000 08:01 1053905                    /usr/lib/jvm/java-8-openjdk-amd64/jre/lib/amd64/libmanagement.so
7ff1cd030000-7ff1cd031000 r--p 00008000 08:01 1053905                    /usr/lib/jvm/java-8-openjdk-amd64/jre/lib/amd64/libmanagement.so
7ff1cd031000-7ff1cd032000 rw-p 00009000 08:01 1053905                    /usr/lib/jvm/java-8-openjdk-amd64/jre/lib/amd64/libmanagement.so
7ff1cd032000-7ff1cd047000 r--s 00196000 08:01 1060894                    /home/trinhlk/Downloads/apache-tomcat-9.0.56/lib/catalina.jar
7ff1cd047000-7ff1cd049000 r--s 00014000 08:01 1060896                    /home/trinhlk/Downloads/apache-tomcat-9.0.56/lib/el-api.jar
7ff1cd049000-7ff1cd04e000 r--s 0002a000 08:01 1060909                    /home/trinhlk/Downloads/apache-tomcat-9.0.56/lib/tomcat-i18n-ja.jar
7ff1cd04e000-7ff1cd050000 r--s 00008000 08:01 1060919                    /home/trinhlk/Downloads/apache-tomcat-9.0.56/lib/websocket-api.jar
7ff1cd050000-7ff1cd054000 r--s 00016000 08:01 1060907                    /home/trinhlk/Downloads/apache-tomcat-9.0.56/lib/tomcat-i18n-es.jar
7ff1cd054000-7ff1cd056000 r--s 00007000 08:01 1060915                    /home/trinhlk/Downloads/apache-tomcat-9.0.56/lib/tomcat-jni.jar
7ff1cd056000-7ff1cd070000 r--s 002e4000 08:01 1060895                    /home/trinhlk/Downloads/apache-tomcat-9.0.56/lib/ecj-4.20.jar
7ff1cd070000-7ff1cd074000 r--s 00030000 08:01 1060917                    /home/trinhlk/Downloads/apache-tomcat-9.0.56/lib/tomcat-util.jar
7ff1cd074000-7ff1cd07a000 r--s 0004d000 08:01 1060893                    /home/trinhlk/Downloads/apache-tomcat-9.0.56/lib/catalina-tribes.jar
7ff1cd07a000-7ff1cd07d000 r--s 00009000 08:01 1060912                    /home/trinhlk/Downloads/apache-tomcat-9.0.56/lib/tomcat-i18n-ru.jar
7ff1cd07d000-7ff1cd081000 r--s 00042000 08:01 1060901                    /home/trinhlk/Downloads/apache-tomcat-9.0.56/lib/servlet-api.jar
7ff1cd081000-7ff1cd084000 r--s 00022000 08:01 1060914                    /home/trinhlk/Downloads/apache-tomcat-9.0.56/lib/tomcat-jdbc.jar
7ff1cd084000-7ff1cd090000 r--s 000d5000 08:01 1060903                    /home/trinhlk/Downloads/apache-tomcat-9.0.56/lib/tomcat-coyote.jar
7ff1cd090000-7ff1cd094000 r--s 0000f000 08:01 1060906                    /home/trinhlk/Downloads/apache-tomcat-9.0.56/lib/tomcat-i18n-de.jar
7ff1cd094000-7ff1cd099000 r--s 0002a000 08:01 1060910                    /home/trinhlk/Downloads/apache-tomcat-9.0.56/lib/tomcat-i18n-ko.jar
7ff1cd099000-7ff1cd09b000 r--s 0000e000 08:01 1060891                    /home/trinhlk/Downloads/apache-tomcat-9.0.56/lib/catalina-ssi.jar
7ff1cd09b000-7ff1cd0a2000 r--s 00085000 08:01 1060898                    /home/trinhlk/Downloads/apache-tomcat-9.0.56/lib/jasper.jar
7ff1cd0a2000-7ff1cd0a5000 r--s 0000a000 08:01 1060911                    /home/trinhlk/Downloads/apache-tomcat-9.0.56/lib/tomcat-i18n-pt-BR.jar
7ff1cd0a5000-7ff1cd0a7000 r--s 00005000 08:01 1060899                    /home/trinhlk/Downloads/apache-tomcat-9.0.56/lib/jaspic-api.jar
7ff1cd0a7000-7ff1cd0ab000 r--s 00025000 08:01 1060908                    /home/trinhlk/Downloads/apache-tomcat-9.0.56/lib/tomcat-i18n-fr.jar
7ff1cd0ab000-7ff1cd0af000 r--s 00033000 08:01 1060916                    /home/trinhlk/Downloads/apache-tomcat-9.0.56/lib/tomcat-util-scan.jar
7ff1cd0af000-7ff1cd0b3000 r--s 00027000 08:01 1060897                    /home/trinhlk/Downloads/apache-tomcat-9.0.56/lib/jasper-el.jar
7ff1cd0b3000-7ff1cd0b6000 r--s 0000e000 08:01 1060905                    /home/trinhlk/Downloads/apache-tomcat-9.0.56/lib/tomcat-i18n-cs.jar
7ff1cd0b6000-7ff1cd0bb000 r--s 00026000 08:01 1060913                    /home/trinhlk/Downloads/apache-tomcat-9.0.56/lib/tomcat-i18n-zh-CN.jar
7ff1cd0bb000-7ff1cd0bd000 r--s 0000c000 08:01 1060889                    /home/trinhlk/Downloads/apache-tomcat-9.0.56/lib/catalina-ant.jar
7ff1cd0bd000-7ff1cd0bf000 r--s 00002000 08:01 1060888                    /home/trinhlk/Downloads/apache-tomcat-9.0.56/lib/annotations-api.jar
7ff1cd0bf000-7ff1cd0c2000 r--s 0001c000 08:01 1060890                    /home/trinhlk/Downloads/apache-tomcat-9.0.56/lib/catalina-ha.jar
7ff1cd0c2000-7ff1cd0c7000 r--s 0004f000 08:01 1060904                    /home/trinhlk/Downloads/apache-tomcat-9.0.56/lib/tomcat-dbcp.jar
7ff1cd0c7000-7ff1cd0cc000 r--s 00037000 08:01 1060918                    /home/trinhlk/Downloads/apache-tomcat-9.0.56/lib/tomcat-websocket.jar
7ff1cd0cc000-7ff1cd0ce000 r--s 00012000 08:01 1060892                    /home/trinhlk/Downloads/apache-tomcat-9.0.56/lib/catalina-storeconfig.jar
7ff1cd0ce000-7ff1cd0d1000 r--s 0000d000 08:01 1060900                    /home/trinhlk/Downloads/apache-tomcat-9.0.56/lib/jsp-api.jar
7ff1cd0d1000-7ff1cd14b000 r--s 01106000 08:01 1054133                    /usr/lib/jvm/java-8-openjdk-amd64/lib/tools.jar
7ff1cd14b000-7ff1cd14d000 r--s 0000a000 08:01 1060872                    /home/trinhlk/Downloads/apache-tomcat-9.0.56/bin/tomcat-juli.jar
7ff1cd14d000-7ff1cd14f000 r--s 00005000 08:01 1060858                    /home/trinhlk/Downloads/apache-tomcat-9.0.56/bin/commons-daemon.jar
7ff1cd14f000-7ff1cd180000 rw-p 00000000 00:00 0 
7ff1cd180000-7ff1cd198000 r-xp 00000000 08:01 1053913                    /usr/lib/jvm/java-8-openjdk-amd64/jre/lib/amd64/libnet.so
7ff1cd198000-7ff1cd397000 ---p 00018000 08:01 1053913                    /usr/lib/jvm/java-8-openjdk-amd64/jre/lib/amd64/libnet.so
7ff1cd397000-7ff1cd398000 r--p 00017000 08:01 1053913                    /usr/lib/jvm/java-8-openjdk-amd64/jre/lib/amd64/libnet.so
7ff1cd398000-7ff1cd399000 rw-p 00018000 08:01 1053913                    /usr/lib/jvm/java-8-openjdk-amd64/jre/lib/amd64/libnet.so
7ff1cd399000-7ff1cd3ab000 r-xp 00000000 08:01 1053909                    /usr/lib/jvm/java-8-openjdk-amd64/jre/lib/amd64/libnio.so
7ff1cd3ab000-7ff1cd5aa000 ---p 00012000 08:01 1053909                    /usr/lib/jvm/java-8-openjdk-amd64/jre/lib/amd64/libnio.so
7ff1cd5aa000-7ff1cd5ab000 r--p 00011000 08:01 1053909                    /usr/lib/jvm/java-8-openjdk-amd64/jre/lib/amd64/libnio.so
7ff1cd5ab000-7ff1cd5ac000 rw-p 00012000 08:01 1053909                    /usr/lib/jvm/java-8-openjdk-amd64/jre/lib/amd64/libnio.so
7ff1cd5ac000-7ff1cd5b0000 r--s 00040000 08:01 1053893                    /usr/lib/jvm/java-8-openjdk-amd64/jre/lib/ext/sunpkcs11.jar
7ff1cd5b0000-7ff1cd5cb000 r--s 00394000 08:01 1053888                    /usr/lib/jvm/java-8-openjdk-amd64/jre/lib/ext/cldrdata.jar
7ff1cd5cb000-7ff1cd5d6000 r--s 00116000 08:01 1053892                    /usr/lib/jvm/java-8-openjdk-amd64/jre/lib/ext/localedata.jar
7ff1cd5d6000-7ff1cd5f1000 r--s 001d6000 08:01 1053890                    /usr/lib/jvm/java-8-openjdk-amd64/jre/lib/ext/nashorn.jar
7ff1cd5f1000-7ff1cd5f2000 ---p 00000000 00:00 0 
7ff1cd5f2000-7ff1cd6f2000 rw-p 00000000 00:00 0 
7ff1cd6f2000-7ff1cd6f5000 ---p 00000000 00:00 0 
7ff1cd6f5000-7ff1cd7f3000 rw-p 00000000 00:00 0 
7ff1cd7f3000-7ff1cd7f6000 ---p 00000000 00:00 0 
7ff1cd7f6000-7ff1cd8f4000 rw-p 00000000 00:00 0 
7ff1cd8f4000-7ff1cd8f7000 ---p 00000000 00:00 0 
7ff1cd8f7000-7ff1cd9f5000 rw-p 00000000 00:00 0 
7ff1cd9f5000-7ff1cd9f8000 ---p 00000000 00:00 0 
7ff1cd9f8000-7ff1cdaf6000 rw-p 00000000 00:00 0 
7ff1cdaf6000-7ff1cdaf9000 ---p 00000000 00:00 0 
7ff1cdaf9000-7ff1cdbf7000 rw-p 00000000 00:00 0 
7ff1cdbf7000-7ff1cdecf000 r--p 00000000 08:01 1835926                    /usr/lib/locale/locale-archive
7ff1cdecf000-7ff1cded2000 ---p 00000000 00:00 0 
7ff1cded2000-7ff1cdfd0000 rw-p 00000000 00:00 0 
7ff1cdfd0000-7ff1cdfd3000 ---p 00000000 00:00 0 
7ff1cdfd3000-7ff1ce0d1000 rw-p 00000000 00:00 0 
7ff1ce0d1000-7ff1ce0d2000 ---p 00000000 00:00 0 
7ff1ce0d2000-7ff1d1000000 rw-p 00000000 00:00 0 
7ff1d1000000-7ff1d1bd0000 rwxp 00000000 00:00 0 
7ff1d1bd0000-7ff1e0000000 ---p 00000000 00:00 0 
7ff1e0000000-7ff1e1179000 rw-p 00000000 00:00 0 
7ff1e1179000-7ff1e4000000 ---p 00000000 00:00 0 
7ff1e4000000-7ff1e4001000 r--s 00002000 08:01 1060902                    /home/trinhlk/Downloads/apache-tomcat-9.0.56/lib/tomcat-api.jar
7ff1e4001000-7ff1e4003000 r--s 00007000 08:01 1060851                    /home/trinhlk/Downloads/apache-tomcat-9.0.56/bin/bootstrap.jar
7ff1e4003000-7ff1e4045000 rw-p 00000000 00:00 0 
7ff1e4045000-7ff1e4216000 r--s 03ca5000 08:01 1053866                    /usr/lib/jvm/java-8-openjdk-amd64/jre/lib/rt.jar
7ff1e4216000-7ff1e4477000 rw-p 00000000 00:00 0 
7ff1e4477000-7ff1e4478000 ---p 00000000 00:00 0 
7ff1e4478000-7ff1e4578000 rw-p 00000000 00:00 0 
7ff1e4578000-7ff1e4579000 ---p 00000000 00:00 0 
7ff1e4579000-7ff1e4679000 rw-p 00000000 00:00 0 
7ff1e4679000-7ff1e467a000 ---p 00000000 00:00 0 
7ff1e467a000-7ff1e477a000 rw-p 00000000 00:00 0 
7ff1e477a000-7ff1e477b000 ---p 00000000 00:00 0 
7ff1e477b000-7ff1e4897000 rw-p 00000000 00:00 0 
7ff1e4897000-7ff1e49c3000 ---p 00000000 00:00 0 
7ff1e49c3000-7ff1e49df000 rw-p 00000000 00:00 0 
7ff1e49df000-7ff1e4b0a000 ---p 00000000 00:00 0 
7ff1e4b0a000-7ff1e4bae000 rw-p 00000000 00:00 0 
7ff1e4bae000-7ff1e4bdf000 rw-p 00000000 00:00 0 
7ff1e4bdf000-7ff1e4f6f000 ---p 00000000 00:00 0 
7ff1e4f6f000-7ff1e4f77000 r-xp 00000000 08:01 1053912                    /usr/lib/jvm/java-8-openjdk-amd64/jre/lib/amd64/libzip.so
7ff1e4f77000-7ff1e5176000 ---p 00008000 08:01 1053912                    /usr/lib/jvm/java-8-openjdk-amd64/jre/lib/amd64/libzip.so
7ff1e5176000-7ff1e5177000 r--p 00007000 08:01 1053912                    /usr/lib/jvm/java-8-openjdk-amd64/jre/lib/amd64/libzip.so
7ff1e5177000-7ff1e5178000 rw-p 00008000 08:01 1053912                    /usr/lib/jvm/java-8-openjdk-amd64/jre/lib/amd64/libzip.so
7ff1e5178000-7ff1e5183000 r-xp 00000000 08:01 262239                     /lib/x86_64-linux-gnu/libnss_files-2.23.so
7ff1e5183000-7ff1e5382000 ---p 0000b000 08:01 262239                     /lib/x86_64-linux-gnu/libnss_files-2.23.so
7ff1e5382000-7ff1e5383000 r--p 0000a000 08:01 262239                     /lib/x86_64-linux-gnu/libnss_files-2.23.so
7ff1e5383000-7ff1e5384000 rw-p 0000b000 08:01 262239                     /lib/x86_64-linux-gnu/libnss_files-2.23.so
7ff1e5384000-7ff1e538a000 rw-p 00000000 00:00 0 
7ff1e538a000-7ff1e5395000 r-xp 00000000 08:01 267459                     /lib/x86_64-linux-gnu/libnss_nis-2.23.so
7ff1e5395000-7ff1e5594000 ---p 0000b000 08:01 267459                     /lib/x86_64-linux-gnu/libnss_nis-2.23.so
7ff1e5594000-7ff1e5595000 r--p 0000a000 08:01 267459                     /lib/x86_64-linux-gnu/libnss_nis-2.23.so
7ff1e5595000-7ff1e5596000 rw-p 0000b000 08:01 267459                     /lib/x86_64-linux-gnu/libnss_nis-2.23.so
7ff1e5596000-7ff1e55ac000 r-xp 00000000 08:01 267460                     /lib/x86_64-linux-gnu/libnsl-2.23.so
7ff1e55ac000-7ff1e57ab000 ---p 00016000 08:01 267460                     /lib/x86_64-linux-gnu/libnsl-2.23.so
7ff1e57ab000-7ff1e57ac000 r--p 00015000 08:01 267460                     /lib/x86_64-linux-gnu/libnsl-2.23.so
7ff1e57ac000-7ff1e57ad000 rw-p 00016000 08:01 267460                     /lib/x86_64-linux-gnu/libnsl-2.23.so
7ff1e57ad000-7ff1e57af000 rw-p 00000000 00:00 0 
7ff1e57af000-7ff1e57b7000 r-xp 00000000 08:01 267462                     /lib/x86_64-linux-gnu/libnss_compat-2.23.so
7ff1e57b7000-7ff1e59b6000 ---p 00008000 08:01 267462                     /lib/x86_64-linux-gnu/libnss_compat-2.23.so
7ff1e59b6000-7ff1e59b7000 r--p 00007000 08:01 267462                     /lib/x86_64-linux-gnu/libnss_compat-2.23.so
7ff1e59b7000-7ff1e59b8000 rw-p 00008000 08:01 267462                     /lib/x86_64-linux-gnu/libnss_compat-2.23.so
7ff1e59b8000-7ff1e59e2000 r-xp 00000000 08:01 1053919                    /usr/lib/jvm/java-8-openjdk-amd64/jre/lib/amd64/libjava.so
7ff1e59e2000-7ff1e5be1000 ---p 0002a000 08:01 1053919                    /usr/lib/jvm/java-8-openjdk-amd64/jre/lib/amd64/libjava.so
7ff1e5be1000-7ff1e5be2000 r--p 00029000 08:01 1053919                    /usr/lib/jvm/java-8-openjdk-amd64/jre/lib/amd64/libjava.so
7ff1e5be2000-7ff1e5be4000 rw-p 0002a000 08:01 1053919                    /usr/lib/jvm/java-8-openjdk-amd64/jre/lib/amd64/libjava.so
7ff1e5be4000-7ff1e5bf3000 r-xp 00000000 08:01 1053917                    /usr/lib/jvm/java-8-openjdk-amd64/jre/lib/amd64/libverify.so
7ff1e5bf3000-7ff1e5df2000 ---p 0000f000 08:01 1053917                    /usr/lib/jvm/java-8-openjdk-amd64/jre/lib/amd64/libverify.so
7ff1e5df2000-7ff1e5df4000 r--p 0000e000 08:01 1053917                    /usr/lib/jvm/java-8-openjdk-amd64/jre/lib/amd64/libverify.so
7ff1e5df4000-7ff1e5df5000 rw-p 00010000 08:01 1053917                    /usr/lib/jvm/java-8-openjdk-amd64/jre/lib/amd64/libverify.so
7ff1e5df5000-7ff1e5dfc000 r-xp 00000000 08:01 262238                     /lib/x86_64-linux-gnu/librt-2.23.so
7ff1e5dfc000-7ff1e5ffb000 ---p 00007000 08:01 262238                     /lib/x86_64-linux-gnu/librt-2.23.so
7ff1e5ffb000-7ff1e5ffc000 r--p 00006000 08:01 262238                     /lib/x86_64-linux-gnu/librt-2.23.so
7ff1e5ffc000-7ff1e5ffd000 rw-p 00007000 08:01 262238                     /lib/x86_64-linux-gnu/librt-2.23.so
7ff1e5ffd000-7ff1e6013000 r-xp 00000000 08:01 267776                     /lib/x86_64-linux-gnu/libgcc_s.so.1
7ff1e6013000-7ff1e6212000 ---p 00016000 08:01 267776                     /lib/x86_64-linux-gnu/libgcc_s.so.1
7ff1e6212000-7ff1e6213000 rw-p 00015000 08:01 267776                     /lib/x86_64-linux-gnu/libgcc_s.so.1
7ff1e6213000-7ff1e631b000 r-xp 00000000 08:01 267414                     /lib/x86_64-linux-gnu/libm-2.23.so
7ff1e631b000-7ff1e651a000 ---p 00108000 08:01 267414                     /lib/x86_64-linux-gnu/libm-2.23.so
7ff1e651a000-7ff1e651b000 r--p 00107000 08:01 267414                     /lib/x86_64-linux-gnu/libm-2.23.so
7ff1e651b000-7ff1e651c000 rw-p 00108000 08:01 267414                     /lib/x86_64-linux-gnu/libm-2.23.so
7ff1e651c000-7ff1e668e000 r-xp 00000000 08:01 1846234                    /usr/lib/x86_64-linux-gnu/libstdc++.so.6.0.21
7ff1e668e000-7ff1e688e000 ---p 00172000 08:01 1846234                    /usr/lib/x86_64-linux-gnu/libstdc++.so.6.0.21
7ff1e688e000-7ff1e6898000 r--p 00172000 08:01 1846234                    /usr/lib/x86_64-linux-gnu/libstdc++.so.6.0.21
7ff1e6898000-7ff1e689a000 rw-p 0017c000 08:01 1846234                    /usr/lib/x86_64-linux-gnu/libstdc++.so.6.0.21
7ff1e689a000-7ff1e689e000 rw-p 00000000 00:00 0 
7ff1e689e000-7ff1e75c4000 r-xp 00000000 08:01 1053936                    /usr/lib/jvm/java-8-openjdk-amd64/jre/lib/amd64/server/libjvm.so
7ff1e75c4000-7ff1e77c3000 ---p 00d26000 08:01 1053936                    /usr/lib/jvm/java-8-openjdk-amd64/jre/lib/amd64/server/libjvm.so
7ff1e77c3000-7ff1e7859000 r--p 00d25000 08:01 1053936                    /usr/lib/jvm/java-8-openjdk-amd64/jre/lib/amd64/server/libjvm.so
7ff1e7859000-7ff1e7882000 rw-p 00dbb000 08:01 1053936                    /usr/lib/jvm/java-8-openjdk-amd64/jre/lib/amd64/server/libjvm.so
7ff1e7882000-7ff1e78b5000 rw-p 00000000 00:00 0 
7ff1e78b5000-7ff1e78cd000 r-xp 00000000 08:01 262230                     /lib/x86_64-linux-gnu/libpthread-2.23.so
7ff1e78cd000-7ff1e7acc000 ---p 00018000 08:01 262230                     /lib/x86_64-linux-gnu/libpthread-2.23.so
7ff1e7acc000-7ff1e7acd000 r--p 00017000 08:01 262230                     /lib/x86_64-linux-gnu/libpthread-2.23.so
7ff1e7acd000-7ff1e7ace000 rw-p 00018000 08:01 262230                     /lib/x86_64-linux-gnu/libpthread-2.23.so
7ff1e7ace000-7ff1e7ad2000 rw-p 00000000 00:00 0 
7ff1e7ad2000-7ff1e7ad5000 r-xp 00000000 08:01 262235                     /lib/x86_64-linux-gnu/libdl-2.23.so
7ff1e7ad5000-7ff1e7cd4000 ---p 00003000 08:01 262235                     /lib/x86_64-linux-gnu/libdl-2.23.so
7ff1e7cd4000-7ff1e7cd5000 r--p 00002000 08:01 262235                     /lib/x86_64-linux-gnu/libdl-2.23.so
7ff1e7cd5000-7ff1e7cd6000 rw-p 00003000 08:01 262235                     /lib/x86_64-linux-gnu/libdl-2.23.so
7ff1e7cd6000-7ff1e7cef000 r-xp 00000000 08:01 267929                     /lib/x86_64-linux-gnu/libz.so.1.2.8
7ff1e7cef000-7ff1e7eee000 ---p 00019000 08:01 267929                     /lib/x86_64-linux-gnu/libz.so.1.2.8
7ff1e7eee000-7ff1e7eef000 r--p 00018000 08:01 267929                     /lib/x86_64-linux-gnu/libz.so.1.2.8
7ff1e7eef000-7ff1e7ef0000 rw-p 00019000 08:01 267929                     /lib/x86_64-linux-gnu/libz.so.1.2.8
7ff1e7ef0000-7ff1e80b0000 r-xp 00000000 08:01 267461                     /lib/x86_64-linux-gnu/libc-2.23.so
7ff1e80b0000-7ff1e82b0000 ---p 001c0000 08:01 267461                     /lib/x86_64-linux-gnu/libc-2.23.so
7ff1e82b0000-7ff1e82b4000 r--p 001c0000 08:01 267461                     /lib/x86_64-linux-gnu/libc-2.23.so
7ff1e82b4000-7ff1e82b6000 rw-p 001c4000 08:01 267461                     /lib/x86_64-linux-gnu/libc-2.23.so
7ff1e82b6000-7ff1e82ba000 rw-p 00000000 00:00 0 
7ff1e82ba000-7ff1e82c8000 r-xp 00000000 08:01 1053925                    /usr/lib/jvm/java-8-openjdk-amd64/jre/lib/amd64/jli/libjli.so
7ff1e82c8000-7ff1e84c7000 ---p 0000e000 08:01 1053925                    /usr/lib/jvm/java-8-openjdk-amd64/jre/lib/amd64/jli/libjli.so
7ff1e84c7000-7ff1e84c8000 r--p 0000d000 08:01 1053925                    /usr/lib/jvm/java-8-openjdk-amd64/jre/lib/amd64/jli/libjli.so
7ff1e84c8000-7ff1e84c9000 rw-p 0000e000 08:01 1053925                    /usr/lib/jvm/java-8-openjdk-amd64/jre/lib/amd64/jli/libjli.so
7ff1e84c9000-7ff1e84ef000 r-xp 00000000 08:01 262240                     /lib/x86_64-linux-gnu/ld-2.23.so
7ff1e84ef000-7ff1e84f0000 r--s 0000a000 08:01 1053891                    /usr/lib/jvm/java-8-openjdk-amd64/jre/lib/ext/jaccess.jar
7ff1e84f0000-7ff1e84f2000 r--s 00001000 08:01 1053895                    /usr/lib/jvm/java-8-openjdk-amd64/jre/lib/ext/dnsns.jar
7ff1e84f2000-7ff1e84f5000 r--s 0000f000 08:01 1053894                    /usr/lib/jvm/java-8-openjdk-amd64/jre/lib/ext/icedtea-sound.jar
7ff1e84f5000-7ff1e84f7000 r--s 00010000 08:01 1053889                    /usr/lib/jvm/java-8-openjdk-amd64/jre/lib/ext/zipfs.jar
7ff1e84f7000-7ff1e84f9000 r--s 00008000 08:01 1053887                    /usr/lib/jvm/java-8-openjdk-amd64/jre/lib/ext/sunec.jar
7ff1e84f9000-7ff1e85d2000 rw-p 00000000 00:00 0 
7ff1e85d2000-7ff1e85d5000 ---p 00000000 00:00 0 
7ff1e85d5000-7ff1e86d7000 rw-p 00000000 00:00 0 
7ff1e86d7000-7ff1e86dd000 r--s 0003d000 08:01 1053896                    /usr/lib/jvm/java-8-openjdk-amd64/jre/lib/ext/sunjce_provider.jar
7ff1e86dd000-7ff1e86e3000 r--s 000d3000 08:01 1053874                    /usr/lib/jvm/java-8-openjdk-amd64/jre/lib/jfr.jar
7ff1e86e3000-7ff1e86eb000 rw-s 00000000 08:01 1441836                    /tmp/hsperfdata_trinhlk/43621
7ff1e86eb000-7ff1e86ec000 rw-p 00000000 00:00 0 
7ff1e86ec000-7ff1e86ed000 ---p 00000000 00:00 0 
7ff1e86ed000-7ff1e86ee000 rw-p 00000000 00:00 0 
7ff1e86ee000-7ff1e86ef000 r--p 00025000 08:01 262240                     /lib/x86_64-linux-gnu/ld-2.23.so
7ff1e86ef000-7ff1e86f0000 rw-p 00026000 08:01 262240                     /lib/x86_64-linux-gnu/ld-2.23.so
7ff1e86f0000-7ff1e86f1000 rw-p 00000000 00:00 0 
7ffdf5e99000-7ffdf5ebb000 rw-p 00000000 00:00 0                          [stack]
7ffdf5edb000-7ffdf5ede000 r--p 00000000 00:00 0                          [vvar]
7ffdf5ede000-7ffdf5ee0000 r-xp 00000000 00:00 0                          [vdso]
ffffffffff600000-ffffffffff601000 r-xp 00000000 00:00 0                  [vsyscall]

VM Arguments:
jvm_args: -Dcatalina.base=/home/trinhlk/eclipse-workspace-2019/.metadata/.plugins/org.eclipse.wst.server.core/tmp0 -Dcatalina.home=/home/trinhlk/Downloads/apache-tomcat-9.0.56 -Dwtp.deploy=/home/trinhlk/eclipse-workspace-2019/.metadata/.plugins/org.eclipse.wst.server.core/tmp0/wtpwebapps -Djava.endorsed.dirs=/home/trinhlk/Downloads/apache-tomcat-9.0.56/endorsed -Dfile.encoding=UTF-8 
java_command: org.apache.catalina.startup.Bootstrap start
java_class_path (initial): /home/trinhlk/Downloads/apache-tomcat-9.0.56/bin/bootstrap.jar:/home/trinhlk/Downloads/apache-tomcat-9.0.56/bin/tomcat-juli.jar:/usr/lib/jvm/java-8-openjdk-amd64/lib/tools.jar
Launcher Type: SUN_STANDARD

Environment Variables:
JAVA_HOME=/usr/lib/jvm/java-1.8.0-openjdk-amd64
PATH=/home/trinhlk/bin:/home/trinhlk/.local/bin:/usr/local/sbin:/usr/local/bin:/usr/sbin:/usr/bin:/sbin:/bin:/usr/games:/usr/local/games:/snap/bin:/home/trinhlk/bin:/usr/lib/jvm/java-1.8.0-openjdk-amd64/bin:IFinder/ujf.verimag.bip.ifinder/cli-lib:/home/trinhlk/Download/IFinder/ujf.verimag.bip.ifinder/cli-lib:/home/trinhlk/Downloads/IFinder/ujf.verimag.bip.ifinder/cli-lib
LD_LIBRARY_PATH=:IFinder/ujf.verimag.bip.ifinder/cli-lib:/home/trinhlk/Downloads/IFinder/ujf.verimag.bip.ifinder/cli-lib
SHELL=/bin/bash
DISPLAY=:0

Signal Handlers:
SIGSEGV: [libjvm.so+0xb1f1b0], sa_mask[0]=11111111011111111101111111111110, sa_flags=SA_RESTART|SA_SIGINFO
SIGBUS: [libjvm.so+0xb1f1b0], sa_mask[0]=11111111011111111101111111111110, sa_flags=SA_RESTART|SA_SIGINFO
SIGFPE: [libjvm.so+0x956cf0], sa_mask[0]=11111111011111111101111111111110, sa_flags=SA_RESTART|SA_SIGINFO
SIGPIPE: [libjvm.so+0x956cf0], sa_mask[0]=11111111011111111101111111111110, sa_flags=SA_RESTART|SA_SIGINFO
SIGXFSZ: [libjvm.so+0x956cf0], sa_mask[0]=11111111011111111101111111111110, sa_flags=SA_RESTART|SA_SIGINFO
SIGILL: [libjvm.so+0x956cf0], sa_mask[0]=11111111011111111101111111111110, sa_flags=SA_RESTART|SA_SIGINFO
SIGUSR1: SIG_DFL, sa_mask[0]=00000000000000000000000000000000, sa_flags=none
SIGUSR2: [libjvm.so+0x956ba0], sa_mask[0]=00100000000000000000000000000000, sa_flags=SA_RESTART|SA_SIGINFO
SIGHUP: [libjvm.so+0x957230], sa_mask[0]=11111111011111111101111111111110, sa_flags=SA_RESTART|SA_SIGINFO
SIGINT: [libjvm.so+0x957230], sa_mask[0]=11111111011111111101111111111110, sa_flags=SA_RESTART|SA_SIGINFO
SIGTERM: [libjvm.so+0x957230], sa_mask[0]=11111111011111111101111111111110, sa_flags=SA_RESTART|SA_SIGINFO
SIGQUIT: [libjvm.so+0x957230], sa_mask[0]=11111111011111111101111111111110, sa_flags=SA_RESTART|SA_SIGINFO


---------------  S Y S T E M  ---------------

OS:DISTRIB_ID=Ubuntu
DISTRIB_RELEASE=16.04
DISTRIB_CODENAME=xenial
DISTRIB_DESCRIPTION="Ubuntu 16.04.7 LTS"

uname:Linux 4.15.0-142-generic #146~16.04.1-Ubuntu SMP Tue Apr 13 09:27:15 UTC 2021 x86_64
libc:glibc 2.23 NPTL 2.23 
rlimit: STACK 8192k, CORE 0k, NPROC 15446, NOFILE 1048576, AS infinity
load average:3.25 1.09 0.55

/proc/meminfo:
MemTotal:        4015896 kB
MemFree:           94104 kB
MemAvailable:       4264 kB
Buffers:             416 kB
Cached:            72660 kB
SwapCached:          364 kB
Active:          2790592 kB
Inactive:         566784 kB
Active(anon):    2786084 kB
Inactive(anon):   557304 kB
Active(file):       4508 kB
Inactive(file):     9480 kB
Unevictable:          80 kB
Mlocked:              80 kB
SwapTotal:        998396 kB
SwapFree:              0 kB
Dirty:               188 kB
Writeback:          1620 kB
AnonPages:       3284352 kB
Mapped:            57120 kB
Shmem:             58780 kB
Slab:             127220 kB
SReclaimable:      47236 kB
SUnreclaim:        79984 kB
KernelStack:       18320 kB
PageTables:        57452 kB
NFS_Unstable:          0 kB
Bounce:                0 kB
WritebackTmp:          0 kB
CommitLimit:     3006344 kB
Committed_AS:    9104552 kB
VmallocTotal:   34359738367 kB
VmallocUsed:           0 kB
VmallocChunk:          0 kB
HardwareCorrupted:     0 kB
AnonHugePages:         0 kB
ShmemHugePages:        0 kB
ShmemPmdMapped:        0 kB
CmaTotal:              0 kB
CmaFree:               0 kB
HugePages_Total:       0
HugePages_Free:        0
HugePages_Rsvd:        0
HugePages_Surp:        0
Hugepagesize:       2048 kB
DirectMap4k:      368448 kB
DirectMap2M:     3825664 kB
DirectMap1G:     2097152 kB

container (cgroup) information:
container_type: cgroupv1
cpu_cpuset_cpus: 0-3
cpu_memory_nodes: 0
active_processor_count: 4
cpu_quota: -1
cpu_period: 100000
cpu_shares: -1
memory_limit_in_bytes: -1
memory_and_swap_limit_in_bytes: -2
memory_soft_limit_in_bytes: -1
memory_usage_in_bytes: 3440369664
memory_max_usage_in_bytes: 813584384


CPU:total 4 (initial active 4) (1 cores per cpu, 1 threads per core) family 6 model 158 stepping 10, cmov, cx8, fxsr, mmx, sse, sse2, sse3, ssse3, sse4.1, sse4.2, popcnt, avx, avx2, aes, clmul, erms, 3dnowpref, lzcnt, tsc, tscinvbit, bmi1, bmi2, adx

/proc/cpuinfo:
processor	: 0
vendor_id	: GenuineIntel
cpu family	: 6
model		: 158
model name	: Intel(R) Core(TM) i7-9750H CPU @ 2.60GHz
stepping	: 10
cpu MHz		: 2592.000
cache size	: 12288 KB
physical id	: 0
siblings	: 1
core id		: 0
cpu cores	: 1
apicid		: 0
initial apicid	: 0
fpu		: yes
fpu_exception	: yes
cpuid level	: 22
wp		: yes
flags		: fpu vme de pse tsc msr pae mce cx8 apic sep mtrr pge mca cmov pat pse36 clflush mmx fxsr sse sse2 ss syscall nx pdpe1gb rdtscp lm constant_tsc arch_perfmon nopl xtopology tsc_reliable nonstop_tsc cpuid pni pclmulqdq ssse3 fma cx16 pcid sse4_1 sse4_2 x2apic movbe popcnt tsc_deadline_timer aes xsave avx f16c rdrand hypervisor lahf_lm abm 3dnowprefetch cpuid_fault invpcid_single pti ssbd ibrs ibpb stibp fsgsbase tsc_adjust bmi1 avx2 smep bmi2 invpcid rdseed adx smap clflushopt xsaveopt xsavec xgetbv1 xsaves arat md_clear flush_l1d arch_capabilities
bugs		: cpu_meltdown spectre_v1 spectre_v2 spec_store_bypass l1tf mds swapgs itlb_multihit srbds
bogomips	: 5184.00
clflush size	: 64
cache_alignment	: 64
address sizes	: 45 bits physical, 48 bits virtual
power management:

processor	: 1
vendor_id	: GenuineIntel
cpu family	: 6
model		: 158
model name	: Intel(R) Core(TM) i7-9750H CPU @ 2.60GHz
stepping	: 10
cpu MHz		: 2592.000
cache size	: 12288 KB
physical id	: 2
siblings	: 1
core id		: 0
cpu cores	: 1
apicid		: 2
initial apicid	: 2
fpu		: yes
fpu_exception	: yes
cpuid level	: 22
wp		: yes
flags		: fpu vme de pse tsc msr pae mce cx8 apic sep mtrr pge mca cmov pat pse36 clflush mmx fxsr sse sse2 ss syscall nx pdpe1gb rdtscp lm constant_tsc arch_perfmon nopl xtopology tsc_reliable nonstop_tsc cpuid pni pclmulqdq ssse3 fma cx16 pcid sse4_1 sse4_2 x2apic movbe popcnt tsc_deadline_timer aes xsave avx f16c rdrand hypervisor lahf_lm abm 3dnowprefetch cpuid_fault invpcid_single pti ssbd ibrs ibpb stibp fsgsbase tsc_adjust bmi1 avx2 smep bmi2 invpcid rdseed adx smap clflushopt xsaveopt xsavec xgetbv1 xsaves arat md_clear flush_l1d arch_capabilities
bugs		: cpu_meltdown spectre_v1 spectre_v2 spec_store_bypass l1tf mds swapgs itlb_multihit srbds
bogomips	: 5184.00
clflush size	: 64
cache_alignment	: 64
address sizes	: 45 bits physical, 48 bits virtual
power management:

processor	: 2
vendor_id	: GenuineIntel
cpu family	: 6
model		: 158
model name	: Intel(R) Core(TM) i7-9750H CPU @ 2.60GHz
stepping	: 10
cpu MHz		: 2592.000
cache size	: 12288 KB
physical id	: 4
siblings	: 1
core id		: 0
cpu cores	: 1
apicid		: 4
initial apicid	: 4
fpu		: yes
fpu_exception	: yes
cpuid level	: 22
wp		: yes
flags		: fpu vme de pse tsc msr pae mce cx8 apic sep mtrr pge mca cmov pat pse36 clflush mmx fxsr sse sse2 ss syscall nx pdpe1gb rdtscp lm constant_tsc arch_perfmon nopl xtopology tsc_reliable nonstop_tsc cpuid pni pclmulqdq ssse3 fma cx16 pcid sse4_1 sse4_2 x2apic movbe popcnt tsc_deadline_timer aes xsave avx f16c rdrand hypervisor lahf_lm abm 3dnowprefetch cpuid_fault invpcid_single pti ssbd ibrs ibpb stibp fsgsbase tsc_adjust bmi1 avx2 smep bmi2 invpcid rdseed adx smap clflushopt xsaveopt xsavec xgetbv1 xsaves arat md_clear flush_l1d arch_capabilities
bugs		: cpu_meltdown spectre_v1 spectre_v2 spec_store_bypass l1tf mds swapgs itlb_multihit srbds
bogomips	: 5184.00
clflush size	: 64
cache_alignment	: 64
address sizes	: 45 bits physical, 48 bits virtual
power management:

processor	: 3
vendor_id	: GenuineIntel
cpu family	: 6
model		: 158
model name	: Intel(R) Core(TM) i7-9750H CPU @ 2.60GHz
stepping	: 10
cpu MHz		: 2592.000
cache size	: 12288 KB
physical id	: 6
siblings	: 1
core id		: 0
cpu cores	: 1
apicid		: 6
initial apicid	: 6
fpu		: yes
fpu_exception	: yes
cpuid level	: 22
wp		: yes
flags		: fpu vme de pse tsc msr pae mce cx8 apic sep mtrr pge mca cmov pat pse36 clflush mmx fxsr sse sse2 ss syscall nx pdpe1gb rdtscp lm constant_tsc arch_perfmon nopl xtopology tsc_reliable nonstop_tsc cpuid pni pclmulqdq ssse3 fma cx16 pcid sse4_1 sse4_2 x2apic movbe popcnt tsc_deadline_timer aes xsave avx f16c rdrand hypervisor lahf_lm abm 3dnowprefetch cpuid_fault invpcid_single pti ssbd ibrs ibpb stibp fsgsbase tsc_adjust bmi1 avx2 smep bmi2 invpcid rdseed adx smap clflushopt xsaveopt xsavec xgetbv1 xsaves arat md_clear flush_l1d arch_capabilities
bugs		: cpu_meltdown spectre_v1 spectre_v2 spec_store_bypass l1tf mds swapgs itlb_multihit srbds
bogomips	: 5184.00
clflush size	: 64
cache_alignment	: 64
address sizes	: 45 bits physical, 48 bits virtual
power management:



Memory: 4k page, physical 4015896k(92128k free), swap 998396k(0k free)

vm_info: OpenJDK 64-Bit Server VM (25.292-b10) for linux-amd64 JRE (1.8.0_292-8u292-b10-0ubuntu1~16.04.1-b10), built on Apr 21 2021 12:47:35 by "buildd" with gcc 5.4.0 20160609

time: Mon Dec 27 05:16:29 2021
timezone: PST
elapsed time: 262.031239 seconds (0d 0h 4m 22s)

