#
# There is insufficient memory for the Java Runtime Environment to continue.
# Native memory allocation (mmap) failed to map 95420416 bytes for committing reserved memory.
# Possible reasons:
#   The system is out of physical RAM or swap space
#   The process is running with CompressedOops enabled, and the Java Heap may be blocking the growth of the native heap
# Possible solutions:
#   Reduce memory load on the system
#   Increase physical memory or swap space
#   Check if swap backing store is full
#   Decrease Java heap size (-Xmx/-Xms)
#   Decrease number of Java threads
#   Decrease Java thread stack sizes (-Xss)
#   Set larger code cache with -XX:ReservedCodeCacheSize=
#   JVM is running with Unscaled Compressed Oops mode in which the Java heap is
#     placed in the first 4GB address space. The Java Heap base address is the
#     maximum limit for the native heap growth. Please use -XX:HeapBaseMinAddress
#     to set the Java Heap base and to place the Java Heap above 4GB virtual address.
# This output file may be truncated or incomplete.
#
#  Out of Memory Error (os_linux.cpp:2798), pid=46695, tid=0x00007f288485c700
#
# JRE version: OpenJDK Runtime Environment (8.0_292-b10) (build 1.8.0_292-8u292-b10-0ubuntu1~16.04.1-b10)
# Java VM: OpenJDK 64-Bit Server VM (25.292-b10 mixed mode linux-amd64 compressed oops)
# Failed to write core dump. Core dumps have been disabled. To enable core dumping, try "ulimit -c unlimited" before starting Java again
#

---------------  T H R E A D  ---------------

Current thread (0x00007f2898079800):  VMThread [stack: 0x00007f288475c000,0x00007f288485d000] [id=46709]

Stack: [0x00007f288475c000,0x00007f288485d000],  sp=0x00007f288485b340,  free space=1020k
Native frames: (J=compiled Java code, j=interpreted, Vv=VM code, C=native code)
V  [libjvm.so+0xb1e67b]
V  [libjvm.so+0x4e01dc]
V  [libjvm.so+0x95bc48]
V  [libjvm.so+0x953b3e]
V  [libjvm.so+0x9d4ad6]
V  [libjvm.so+0x9d5e03]
V  [libjvm.so+0x9d2204]
V  [libjvm.so+0x9cad39]
V  [libjvm.so+0x45fe93]
V  [libjvm.so+0xb1fc69]
V  [libjvm.so+0xb26067]
V  [libjvm.so+0xb23b43]
V  [libjvm.so+0xb23ee5]
V  [libjvm.so+0xb244b2]
V  [libjvm.so+0x958fe2]

VM_Operation (0x00007f289f570830): CollectForMetadataAllocation, mode: safepoint, requested by thread 0x00007f289800b000


---------------  P R O C E S S  ---------------

Java Threads: ( => current thread )
  0x00007f28984ea800 JavaThread "GC Daemon" daemon [_thread_blocked, id=46718, stack(0x00007f287f3ca000,0x00007f287f4cb000)]
  0x00007f28980d5800 JavaThread "Service Thread" daemon [_thread_blocked, id=46716, stack(0x00007f287fcfd000,0x00007f287fdfe000)]
  0x00007f28980c0000 JavaThread "C1 CompilerThread2" daemon [_thread_blocked, id=46715, stack(0x00007f287fdfe000,0x00007f287feff000)]
  0x00007f28980be800 JavaThread "C2 CompilerThread1" daemon [_thread_in_native, id=46714, stack(0x00007f287feff000,0x00007f2880000000)]
  0x00007f28980bb800 JavaThread "C2 CompilerThread0" daemon [_thread_in_native, id=46713, stack(0x00007f2884080000,0x00007f2884181000)]
  0x00007f28980b8800 JavaThread "Signal Dispatcher" daemon [_thread_blocked, id=46712, stack(0x00007f2884181000,0x00007f2884282000)]
  0x00007f2898087800 JavaThread "Finalizer" daemon [_thread_blocked, id=46711, stack(0x00007f288455a000,0x00007f288465b000)]
  0x00007f2898083000 JavaThread "Reference Handler" daemon [_thread_blocked, id=46710, stack(0x00007f288465b000,0x00007f288475c000)]
  0x00007f289800b000 JavaThread "main" [_thread_blocked, id=46704, stack(0x00007f289f476000,0x00007f289f577000)]

Other Threads:
=>0x00007f2898079800 VMThread [stack: 0x00007f288475c000,0x00007f288485d000] [id=46709]
  0x00007f28980d8000 WatcherThread [stack: 0x00007f287fbfc000,0x00007f287fcfd000] [id=46717]

VM state:at safepoint (normal execution)

VM Mutex/Monitor currently owned by a thread:  ([mutex/lock_event])
[0x00007f2898007770] Threads_lock - owner thread: 0x00007f2898079800
[0x00007f2898007c70] Heap_lock - owner thread: 0x00007f289800b000

heap address: 0x00000000c2a00000, size: 982 MB, Compressed Oops mode: 32-bit
Narrow klass base: 0x0000000000000000, Narrow klass shift: 3
Compressed class space size: 1073741824 Address: 0x0000000100000000

Heap:
 PSYoungGen      total 216064K, used 18945K [0x00000000eb900000, 0x00000000fa500000, 0x0000000100000000)
  eden space 194048K, 0% used [0x00000000eb900000,0x00000000eb900000,0x00000000f7680000)
  from space 22016K, 86% used [0x00000000f7680000,0x00000000f8900680,0x00000000f8c00000)
  to   space 18432K, 0% used [0x00000000f8c00000,0x00000000f8c00000,0x00000000f9e00000)
 ParOldGen       total 42496K, used 31795K [0x00000000c2a00000, 0x00000000c5380000, 0x00000000eb900000)
  object space 42496K, 74% used [0x00000000c2a00000,0x00000000c490cff8,0x00000000c5380000)
 Metaspace       used 20611K, capacity 21096K, committed 21248K, reserved 1069056K
  class space    used 2378K, capacity 2511K, committed 2560K, reserved 1048576K

Card table byte_map: [0x00007f288884b000,0x00007f2888a37000] byte_map_base: 0x00007f2888236000

Marking Bits: (ParMarkBitMap*) 0x00007f289e73c8a0
 Begin Bits: [0x00007f288644f000, 0x00007f28873a7000)
 End Bits:   [0x00007f28873a7000, 0x00007f28882ff000)

Polling page: 0x00007f289f590000

CodeCache: size=245760Kb used=7997Kb max_used=7997Kb free=237762Kb
 bounds [0x00007f2888df7000, 0x00007f28895d7000, 0x00007f2897df7000]
 total_blobs=2734 nmethods=2336 adapters=310
 compilation: enabled

Compilation events (10 events):
Event: 4.347 Thread 0x00007f28980c0000 2355       2       com.typesafe.config.impl.SimpleConfig::couldBeNull (22 bytes)
Event: 4.347 Thread 0x00007f28980c0000 nmethod 2355 0x00007f28895c72d0 code [0x00007f28895c7440, 0x00007f28895c75d8]
Event: 4.347 Thread 0x00007f28980c0000 2359   !   2       com.typesafe.config.impl.DefaultTransformer::transform (527 bytes)
Event: 4.349 Thread 0x00007f28980c0000 nmethod 2359 0x00007f28895c7690 code [0x00007f28895c7aa0, 0x00007f28895c9038]
Event: 4.349 Thread 0x00007f28980c0000 2356       1       java.util.AbstractMap$SimpleImmutableEntry::getKey (5 bytes)
Event: 4.349 Thread 0x00007f28980c0000 nmethod 2356 0x00007f28895ca510 code [0x00007f28895ca660, 0x00007f28895ca770]
Event: 4.349 Thread 0x00007f28980c0000 2357       1       java.util.AbstractMap$SimpleImmutableEntry::getValue (5 bytes)
Event: 4.349 Thread 0x00007f28980c0000 nmethod 2357 0x00007f28895ca7d0 code [0x00007f28895ca920, 0x00007f28895caa30]
Event: 4.349 Thread 0x00007f28980c0000 2358       2       com.typesafe.config.impl.ConfigString$Quoted::unwrapped (5 bytes)
Event: 4.349 Thread 0x00007f28980c0000 nmethod 2358 0x00007f28895caa90 code [0x00007f28895cabe0, 0x00007f28895cad30]

GC Heap History (10 events):
Event: 2.083 GC heap after
Heap after GC invocations=6 (full 0):
 PSYoungGen      total 68608K, used 5613K [0x00000000eb900000, 0x00000000f0300000, 0x0000000100000000)
  eden space 62976K, 0% used [0x00000000eb900000,0x00000000eb900000,0x00000000ef680000)
  from space 5632K, 99% used [0x00000000efc80000,0x00000000f01fb760,0x00000000f0200000)
  to   space 6144K, 0% used [0x00000000ef680000,0x00000000ef680000,0x00000000efc80000)
 ParOldGen       total 42496K, used 9514K [0x00000000c2a00000, 0x00000000c5380000, 0x00000000eb900000)
  object space 42496K, 22% used [0x00000000c2a00000,0x00000000c334a9f0,0x00000000c5380000)
 Metaspace       used 15741K, capacity 16170K, committed 16512K, reserved 1064960K
  class space    used 1738K, capacity 1854K, committed 1920K, reserved 1048576K
}
Event: 2.364 GC heap before
{Heap before GC invocations=7 (full 0):
 PSYoungGen      total 68608K, used 68589K [0x00000000eb900000, 0x00000000f0300000, 0x0000000100000000)
  eden space 62976K, 100% used [0x00000000eb900000,0x00000000ef680000,0x00000000ef680000)
  from space 5632K, 99% used [0x00000000efc80000,0x00000000f01fb760,0x00000000f0200000)
  to   space 6144K, 0% used [0x00000000ef680000,0x00000000ef680000,0x00000000efc80000)
 ParOldGen       total 42496K, used 9514K [0x00000000c2a00000, 0x00000000c5380000, 0x00000000eb900000)
  object space 42496K, 22% used [0x00000000c2a00000,0x00000000c334a9f0,0x00000000c5380000)
 Metaspace       used 15785K, capacity 16170K, committed 16512K, reserved 1064960K
  class space    used 1738K, capacity 1854K, committed 1920K, reserved 1048576K
Event: 2.385 GC heap after
Heap after GC invocations=7 (full 0):
 PSYoungGen      total 69120K, used 6118K [0x00000000eb900000, 0x00000000f4700000, 0x0000000100000000)
  eden space 62976K, 0% used [0x00000000eb900000,0x00000000eb900000,0x00000000ef680000)
  from space 6144K, 99% used [0x00000000ef680000,0x00000000efc79af0,0x00000000efc80000)
  to   space 9728K, 0% used [0x00000000f3d80000,0x00000000f3d80000,0x00000000f4700000)
 ParOldGen       total 42496K, used 15752K [0x00000000c2a00000, 0x00000000c5380000, 0x00000000eb900000)
  object space 42496K, 37% used [0x00000000c2a00000,0x00000000c3962128,0x00000000c5380000)
 Metaspace       used 15785K, capacity 16170K, committed 16512K, reserved 1064960K
  class space    used 1738K, capacity 1854K, committed 1920K, reserved 1048576K
}
Event: 2.555 GC heap before
{Heap before GC invocations=8 (full 0):
 PSYoungGen      total 69120K, used 69094K [0x00000000eb900000, 0x00000000f4700000, 0x0000000100000000)
  eden space 62976K, 100% used [0x00000000eb900000,0x00000000ef680000,0x00000000ef680000)
  from space 6144K, 99% used [0x00000000ef680000,0x00000000efc79af0,0x00000000efc80000)
  to   space 9728K, 0% used [0x00000000f3d80000,0x00000000f3d80000,0x00000000f4700000)
 ParOldGen       total 42496K, used 15752K [0x00000000c2a00000, 0x00000000c5380000, 0x00000000eb900000)
  object space 42496K, 37% used [0x00000000c2a00000,0x00000000c3962128,0x00000000c5380000)
 Metaspace       used 15816K, capacity 16234K, committed 16512K, reserved 1064960K
  class space    used 1738K, capacity 1854K, committed 1920K, reserved 1048576K
Event: 2.567 GC heap after
Heap after GC invocations=8 (full 0):
 PSYoungGen      total 133120K, used 9705K [0x00000000eb900000, 0x00000000f4c00000, 0x0000000100000000)
  eden space 123392K, 0% used [0x00000000eb900000,0x00000000eb900000,0x00000000f3180000)
  from space 9728K, 99% used [0x00000000f3d80000,0x00000000f46fa550,0x00000000f4700000)
  to   space 12288K, 0% used [0x00000000f3180000,0x00000000f3180000,0x00000000f3d80000)
 ParOldGen       total 42496K, used 18854K [0x00000000c2a00000, 0x00000000c5380000, 0x00000000eb900000)
  object space 42496K, 44% used [0x00000000c2a00000,0x00000000c3c69968,0x00000000c5380000)
 Metaspace       used 15816K, capacity 16234K, committed 16512K, reserved 1064960K
  class space    used 1738K, capacity 1854K, committed 1920K, reserved 1048576K
}
Event: 3.051 GC heap before
{Heap before GC invocations=9 (full 0):
 PSYoungGen      total 133120K, used 133097K [0x00000000eb900000, 0x00000000f4c00000, 0x0000000100000000)
  eden space 123392K, 100% used [0x00000000eb900000,0x00000000f3180000,0x00000000f3180000)
  from space 9728K, 99% used [0x00000000f3d80000,0x00000000f46fa550,0x00000000f4700000)
  to   space 12288K, 0% used [0x00000000f3180000,0x00000000f3180000,0x00000000f3d80000)
 ParOldGen       total 42496K, used 18854K [0x00000000c2a00000, 0x00000000c5380000, 0x00000000eb900000)
  object space 42496K, 44% used [0x00000000c2a00000,0x00000000c3c69968,0x00000000c5380000)
 Metaspace       used 15843K, capacity 16234K, committed 16512K, reserved 1064960K
  class space    used 1738K, capacity 1854K, committed 1920K, reserved 1048576K
Event: 3.072 GC heap after
Heap after GC invocations=9 (full 0):
 PSYoungGen      total 135680K, used 12285K [0x00000000eb900000, 0x00000000f9e00000, 0x0000000100000000)
  eden space 123392K, 0% used [0x00000000eb900000,0x00000000eb900000,0x00000000f3180000)
  from space 12288K, 99% used [0x00000000f3180000,0x00000000f3d7f7e8,0x00000000f3d80000)
  to   space 18432K, 0% used [0x00000000f8c00000,0x00000000f8c00000,0x00000000f9e00000)
 ParOldGen       total 42496K, used 28985K [0x00000000c2a00000, 0x00000000c5380000, 0x00000000eb900000)
  object space 42496K, 68% used [0x00000000c2a00000,0x00000000c464e748,0x00000000c5380000)
 Metaspace       used 15843K, capacity 16234K, committed 16512K, reserved 1064960K
  class space    used 1738K, capacity 1854K, committed 1920K, reserved 1048576K
}
Event: 3.494 GC heap before
{Heap before GC invocations=10 (full 0):
 PSYoungGen      total 135680K, used 135677K [0x00000000eb900000, 0x00000000f9e00000, 0x0000000100000000)
  eden space 123392K, 100% used [0x00000000eb900000,0x00000000f3180000,0x00000000f3180000)
  from space 12288K, 99% used [0x00000000f3180000,0x00000000f3d7f7e8,0x00000000f3d80000)
  to   space 18432K, 0% used [0x00000000f8c00000,0x00000000f8c00000,0x00000000f9e00000)
 ParOldGen       total 42496K, used 28985K [0x00000000c2a00000, 0x00000000c5380000, 0x00000000eb900000)
  object space 42496K, 68% used [0x00000000c2a00000,0x00000000c464e748,0x00000000c5380000)
 Metaspace       used 15844K, capacity 16234K, committed 16512K, reserved 1064960K
  class space    used 1738K, capacity 1854K, committed 1920K, reserved 1048576K
Event: 3.517 GC heap after
Heap after GC invocations=10 (full 0):
 PSYoungGen      total 212480K, used 18417K [0x00000000eb900000, 0x00000000fa500000, 0x0000000100000000)
  eden space 194048K, 0% used [0x00000000eb900000,0x00000000eb900000,0x00000000f7680000)
  from space 18432K, 99% used [0x00000000f8c00000,0x00000000f9dfc770,0x00000000f9e00000)
  to   space 22016K, 0% used [0x00000000f7680000,0x00000000f7680000,0x00000000f8c00000)
 ParOldGen       total 42496K, used 31283K [0x00000000c2a00000, 0x00000000c5380000, 0x00000000eb900000)
  object space 42496K, 73% used [0x00000000c2a00000,0x00000000c488cff8,0x00000000c5380000)
 Metaspace       used 15844K, capacity 16234K, committed 16512K, reserved 1064960K
  class space    used 1738K, capacity 1854K, committed 1920K, reserved 1048576K
}
Event: 4.371 GC heap before
{Heap before GC invocations=11 (full 0):
 PSYoungGen      total 212480K, used 158016K [0x00000000eb900000, 0x00000000fa500000, 0x0000000100000000)
  eden space 194048K, 71% used [0x00000000eb900000,0x00000000f4153928,0x00000000f7680000)
  from space 18432K, 99% used [0x00000000f8c00000,0x00000000f9dfc770,0x00000000f9e00000)
  to   space 22016K, 0% used [0x00000000f7680000,0x00000000f7680000,0x00000000f8c00000)
 ParOldGen       total 42496K, used 31283K [0x00000000c2a00000, 0x00000000c5380000, 0x00000000eb900000)
  object space 42496K, 73% used [0x00000000c2a00000,0x00000000c488cff8,0x00000000c5380000)
 Metaspace       used 20611K, capacity 21096K, committed 21248K, reserved 1069056K
  class space    used 2378K, capacity 2511K, committed 2560K, reserved 1048576K

Deoptimization events (10 events):
Event: 3.821 Thread 0x00007f289800b000 Uncommon trap: reason=unstable_if action=reinterpret pc=0x00007f288926a9b8 method=com.sun.org.apache.xerces.internal.impl.dtd.XMLDTDValidator.addDTDDefaultAttrsAndValidate(Lcom/sun/org/apache/xerces/internal/xni/QName;ILcom/sun/org/apache/xerces/internal/
Event: 3.821 Thread 0x00007f289800b000 Uncommon trap: reason=class_check action=maybe_recompile pc=0x00007f2889329868 method=com.sun.org.apache.xerces.internal.impl.XMLDocumentFragmentScannerImpl$FragmentContentDriver.next()I @ 439
Event: 3.821 Thread 0x00007f289800b000 Uncommon trap: reason=bimorphic action=maybe_recompile pc=0x00007f2889329d70 method=com.sun.org.apache.xerces.internal.impl.XMLDocumentFragmentScannerImpl.scanEndElement()I @ 145
Event: 3.821 Thread 0x00007f289800b000 Uncommon trap: reason=class_check action=maybe_recompile pc=0x00007f2889329868 method=com.sun.org.apache.xerces.internal.impl.XMLDocumentFragmentScannerImpl$FragmentContentDriver.next()I @ 439
Event: 3.822 Thread 0x00007f289800b000 Uncommon trap: reason=bimorphic action=maybe_recompile pc=0x00007f2889329d70 method=com.sun.org.apache.xerces.internal.impl.XMLDocumentFragmentScannerImpl.scanEndElement()I @ 145
Event: 3.822 Thread 0x00007f289800b000 Uncommon trap: reason=class_check action=maybe_recompile pc=0x00007f2889329868 method=com.sun.org.apache.xerces.internal.impl.XMLDocumentFragmentScannerImpl$FragmentContentDriver.next()I @ 439
Event: 3.833 Thread 0x00007f289800b000 Uncommon trap: reason=unstable_if action=reinterpret pc=0x00007f288913b730 method=com.sun.org.apache.xerces.internal.impl.XMLEntityScanner.scanLiteral(ILcom/sun/org/apache/xerces/internal/xni/XMLString;Z)I @ 660
Event: 3.852 Thread 0x00007f289800b000 Uncommon trap: reason=unstable_if action=reinterpret pc=0x00007f28892e927c method=com.sun.org.apache.xerces.internal.impl.XMLEntityScanner.scanContent(Lcom/sun/org/apache/xerces/internal/xni/XMLString;)I @ 418
Event: 3.905 Thread 0x00007f289800b000 Uncommon trap: reason=unstable_if action=reinterpret pc=0x00007f2888ff7cb8 method=java.lang.AbstractStringBuilder.append(Ljava/lang/String;)Ljava/lang/AbstractStringBuilder; @ 1
Event: 4.236 Thread 0x00007f289800b000 Uncommon trap: reason=unstable_if action=reinterpret pc=0x00007f28894cdc78 method=java.io.BufferedInputStream.fill()V @ 9

Classes redefined (0 events):
No events

Internal exceptions (10 events):
Event: 3.848 Thread 0x00007f289800b000 Implicit null exception at 0x00007f288911bee1 to 0x00007f288911e568
Event: 3.848 Thread 0x00007f289800b000 Exception <a 'java/lang/NullPointerException'> (0x00000000f186a648) thrown at [/build/openjdk-8-RKFhH1/openjdk-8-8u292-b10/src/hotspot/src/share/vm/runtime/sharedRuntime.cpp, line 609]
Event: 3.850 Thread 0x00007f289800b000 Implicit null exception at 0x00007f288911bee1 to 0x00007f288911e568
Event: 3.850 Thread 0x00007f289800b000 Exception <a 'java/lang/NullPointerException'> (0x00000000f189e8a0) thrown at [/build/openjdk-8-RKFhH1/openjdk-8-8u292-b10/src/hotspot/src/share/vm/runtime/sharedRuntime.cpp, line 609]
Event: 3.853 Thread 0x00007f289800b000 Implicit null exception at 0x00007f288911bee1 to 0x00007f288911e568
Event: 3.853 Thread 0x00007f289800b000 Exception <a 'java/lang/NullPointerException'> (0x00000000f18ffcb0) thrown at [/build/openjdk-8-RKFhH1/openjdk-8-8u292-b10/src/hotspot/src/share/vm/runtime/sharedRuntime.cpp, line 609]
Event: 3.855 Thread 0x00007f289800b000 Implicit null exception at 0x00007f288911bee1 to 0x00007f288911e568
Event: 3.855 Thread 0x00007f289800b000 Exception <a 'java/lang/NullPointerException'> (0x00000000f193cf00) thrown at [/build/openjdk-8-RKFhH1/openjdk-8-8u292-b10/src/hotspot/src/share/vm/runtime/sharedRuntime.cpp, line 609]
Event: 3.885 Thread 0x00007f289800b000 Exception <a 'java/io/FileNotFoundException'> (0x00000000f1f4aae8) thrown at [/build/openjdk-8-RKFhH1/openjdk-8-8u292-b10/src/hotspot/src/share/vm/prims/jni.cpp, line 711]
Event: 3.905 Thread 0x00007f289800b000 Implicit null exception at 0x00007f2888ff78f6 to 0x00007f2888ff7ca1

Events (10 events):
Event: 4.346 loading class akka/actor/ProviderSelection done
Event: 4.347 loading class akka/actor/ProviderSelection
Event: 4.347 loading class akka/actor/ProviderSelection done
Event: 4.347 loading class scala/Function1
Event: 4.347 loading class scala/Function1 done
Event: 4.347 loading class akka/actor/ActorSystem$Settings
Event: 4.347 loading class akka/actor/ActorSystem$Settings done
Event: 4.347 loading class akka/actor/ActorSystem$Settings
Event: 4.347 loading class akka/actor/ActorSystem$Settings done
Event: 4.353 Executing VM operation: CollectForMetadataAllocation


Dynamic libraries:
c2a00000-c5380000 rw-p 00000000 00:00 0 
c5380000-eb900000 ---p 00000000 00:00 0 
eb900000-fa500000 rw-p 00000000 00:00 0 
100000000-100280000 rw-p 00000000 00:00 0 
100280000-140000000 ---p 00000000 00:00 0 
56172c5ea000-56172c5eb000 r-xp 00000000 08:01 1053977                    /usr/lib/jvm/java-8-openjdk-amd64/jre/bin/java
56172c7ea000-56172c7eb000 r--p 00000000 08:01 1053977                    /usr/lib/jvm/java-8-openjdk-amd64/jre/bin/java
56172c7eb000-56172c7ec000 rw-p 00001000 08:01 1053977                    /usr/lib/jvm/java-8-openjdk-amd64/jre/bin/java
56172dc08000-56172dc29000 rw-p 00000000 00:00 0                          [heap]
7f2840000000-7f2840021000 rw-p 00000000 00:00 0 
7f2840021000-7f2844000000 ---p 00000000 00:00 0 
7f2848000000-7f2848021000 rw-p 00000000 00:00 0 
7f2848021000-7f284c000000 ---p 00000000 00:00 0 
7f284c000000-7f284c021000 rw-p 00000000 00:00 0 
7f284c021000-7f2850000000 ---p 00000000 00:00 0 
7f2850000000-7f2851032000 rw-p 00000000 00:00 0 
7f2851032000-7f2854000000 ---p 00000000 00:00 0 
7f2854000000-7f2854a82000 rw-p 00000000 00:00 0 
7f2854a82000-7f2858000000 ---p 00000000 00:00 0 
7f2858000000-7f2858021000 rw-p 00000000 00:00 0 
7f2858021000-7f285c000000 ---p 00000000 00:00 0 
7f285c000000-7f285e431000 rw-p 00000000 00:00 0 
7f285e431000-7f2860000000 ---p 00000000 00:00 0 
7f2860000000-7f2860021000 rw-p 00000000 00:00 0 
7f2860021000-7f2864000000 ---p 00000000 00:00 0 
7f2864000000-7f2864021000 rw-p 00000000 00:00 0 
7f2864021000-7f2868000000 ---p 00000000 00:00 0 
7f2868000000-7f2868021000 rw-p 00000000 00:00 0 
7f2868021000-7f286c000000 ---p 00000000 00:00 0 
7f286c000000-7f286c021000 rw-p 00000000 00:00 0 
7f286c021000-7f2870000000 ---p 00000000 00:00 0 
7f2870000000-7f2870021000 rw-p 00000000 00:00 0 
7f2870021000-7f2874000000 ---p 00000000 00:00 0 
7f2878000000-7f2878021000 rw-p 00000000 00:00 0 
7f2878021000-7f287c000000 ---p 00000000 00:00 0 
7f287e0cd000-7f287e10d000 rw-p 00000000 00:00 0 
7f287e10d000-7f287e2cd000 ---p 00000000 00:00 0 
7f287e558000-7f287e758000 rw-p 00000000 00:00 0 
7f287e758000-7f287e958000 rw-p 00000000 00:00 0 
7f287e958000-7f287e95a000 r--s 0000c000 08:01 1581893                    /home/trinhlk/eclipse-workspace-2019/.metadata/.plugins/org.eclipse.wst.server.core/tmp0/wtpwebapps/JavaBIPMonitor/WEB-INF/lib/slf4j-api-2.0.0-alpha1.jar
7f287e95a000-7f287e95c000 r--s 0000e000 08:01 1581912                    /home/trinhlk/eclipse-workspace-2019/.metadata/.plugins/org.eclipse.wst.server.core/tmp0/wtpwebapps/JavaBIPMonitor/WEB-INF/lib/classmate-1.3.4.jar
7f287e95c000-7f287e966000 r--s 0005c000 08:01 1581897                    /home/trinhlk/eclipse-workspace-2019/.metadata/.plugins/org.eclipse.wst.server.core/tmp0/wtpwebapps/JavaBIPMonitor/WEB-INF/lib/jstl-1.2.jar
7f287e966000-7f287e96b000 r--s 0004b000 08:01 1581914                    /home/trinhlk/eclipse-workspace-2019/.metadata/.plugins/org.eclipse.wst.server.core/tmp0/wtpwebapps/JavaBIPMonitor/WEB-INF/lib/dom4j-2.1.1.jar
7f287e96b000-7f287e96f000 r--s 00026000 08:01 1581900                    /home/trinhlk/eclipse-workspace-2019/.metadata/.plugins/org.eclipse.wst.server.core/tmp0/wtpwebapps/JavaBIPMonitor/WEB-INF/lib/commons-digester-1.6.jar
7f287e96f000-7f287e974000 r--s 00036000 08:01 1581884                    /home/trinhlk/eclipse-workspace-2019/.metadata/.plugins/org.eclipse.wst.server.core/tmp0/wtpwebapps/JavaBIPMonitor/WEB-INF/lib/gson-2.8.5.jar
7f287e974000-7f287e98c000 r--s 0021f000 08:01 1581922                    /home/trinhlk/eclipse-workspace-2019/.metadata/.plugins/org.eclipse.wst.server.core/tmp0/wtpwebapps/JavaBIPMonitor/WEB-INF/lib/mysql-connector-java-8.0.17.jar
7f287e98c000-7f287e996000 r--s 000b4000 08:01 1581907                    /home/trinhlk/eclipse-workspace-2019/.metadata/.plugins/org.eclipse.wst.server.core/tmp0/wtpwebapps/JavaBIPMonitor/WEB-INF/lib/javassist-3.24.0-GA.jar
7f287e996000-7f287e998000 r--s 00003000 08:01 1581875                    /home/trinhlk/eclipse-workspace-2019/.metadata/.plugins/org.eclipse.wst.server.core/tmp0/wtpwebapps/JavaBIPMonitor/WEB-INF/lib/org.javabip.api-0.1.0-SNAPSHOT.jar
7f287e998000-7f287e99a000 r--s 0000c000 08:01 1581913                    /home/trinhlk/eclipse-workspace-2019/.metadata/.plugins/org.eclipse.wst.server.core/tmp0/wtpwebapps/JavaBIPMonitor/WEB-INF/lib/javax.activation-api-1.2.0.jar
7f287e99a000-7f287e99b000 r--s 00007000 08:01 1581878                    /home/trinhlk/eclipse-workspace-2019/.metadata/.plugins/org.eclipse.wst.server.core/tmp0/wtpwebapps/JavaBIPMonitor/WEB-INF/lib/org.javabip.engine.factory-0.1.0-SNAPSHOT.jar
7f287e99b000-7f287e99e000 r--s 00026000 08:01 1581894                    /home/trinhlk/eclipse-workspace-2019/.metadata/.plugins/org.eclipse.wst.server.core/tmp0/wtpwebapps/JavaBIPMonitor/WEB-INF/lib/antlr-runtime-3.5.2.jar
7f287e99e000-7f287e9a3000 r--s 00016000 08:01 1581902                    /home/trinhlk/eclipse-workspace-2019/.metadata/.plugins/org.eclipse.wst.server.core/tmp0/wtpwebapps/JavaBIPMonitor/WEB-INF/lib/xml-apis-1.0.b2.jar
7f287e9a3000-7f287e9e2000 r--s 00536000 08:01 1581888                    /home/trinhlk/eclipse-workspace-2019/.metadata/.plugins/org.eclipse.wst.server.core/tmp0/wtpwebapps/JavaBIPMonitor/WEB-INF/lib/scala-library-2.13.1.jar
7f287e9e2000-7f287e9e8000 r--s 00023000 08:01 1581906                    /home/trinhlk/eclipse-workspace-2019/.metadata/.plugins/org.eclipse.wst.server.core/tmp0/wtpwebapps/JavaBIPMonitor/WEB-INF/lib/javax.persistence-api-2.2.jar
7f287e9e8000-7f287e9e9000 r--s 00006000 08:01 1581877                    /home/trinhlk/eclipse-workspace-2019/.metadata/.plugins/org.eclipse.wst.server.core/tmp0/wtpwebapps/JavaBIPMonitor/WEB-INF/lib/org.javabip.engine.coordinator-0.1.0-SNAPSHOT.jar
7f287e9e9000-7f287e9ec000 r--s 0002b000 08:01 1581911                    /home/trinhlk/eclipse-workspace-2019/.metadata/.plugins/org.eclipse.wst.server.core/tmp0/wtpwebapps/JavaBIPMonitor/WEB-INF/lib/jandex-2.0.5.Final.jar
7f287e9ec000-7f287e9f0000 r--s 0001c000 08:01 1581916                    /home/trinhlk/eclipse-workspace-2019/.metadata/.plugins/org.eclipse.wst.server.core/tmp0/wtpwebapps/JavaBIPMonitor/WEB-INF/lib/jaxb-api-2.3.1.jar
7f287e9f0000-7f287e9f8000 r--s 00078000 08:01 1581882                    /home/trinhlk/eclipse-workspace-2019/.metadata/.plugins/org.eclipse.wst.server.core/tmp0/wtpwebapps/JavaBIPMonitor/WEB-INF/lib/commons-lang3-3.10.jar
7f287e9f8000-7f287ea04000 r--s 000d8000 08:01 1581924                    /home/trinhlk/eclipse-workspace-2019/.metadata/.plugins/org.eclipse.wst.server.core/tmp0/wtpwebapps/JavaBIPMonitor/WEB-INF/lib/postgresql-42.2.12.jar
7f287ea04000-7f287ea8a000 r--s 00649000 08:01 1581904                    /home/trinhlk/eclipse-workspace-2019/.metadata/.plugins/org.eclipse.wst.server.core/tmp0/wtpwebapps/JavaBIPMonitor/WEB-INF/lib/hibernate-core-5.4.4.Final.jar
7f287ea8a000-7f287ea90000 r--s 00047000 08:01 1581921                    /home/trinhlk/eclipse-workspace-2019/.metadata/.plugins/org.eclipse.wst.server.core/tmp0/wtpwebapps/JavaBIPMonitor/WEB-INF/lib/FastInfoset-1.2.15.jar
7f287ea90000-7f287ea92000 r--s 00004000 08:01 1581880                    /home/trinhlk/eclipse-workspace-2019/.metadata/.plugins/org.eclipse.wst.server.core/tmp0/wtpwebapps/JavaBIPMonitor/WEB-INF/lib/org.javabip.glue-0.1.0-SNAPSHOT.jar
7f287ea92000-7f287eaa6000 r--s 000f7000 08:01 1581917                    /home/trinhlk/eclipse-workspace-2019/.metadata/.plugins/org.eclipse.wst.server.core/tmp0/wtpwebapps/JavaBIPMonitor/WEB-INF/lib/jaxb-runtime-2.3.1.jar
7f287eaa6000-7f287eaa8000 r--s 00005000 08:01 1581919                    /home/trinhlk/eclipse-workspace-2019/.metadata/.plugins/org.eclipse.wst.server.core/tmp0/wtpwebapps/JavaBIPMonitor/WEB-INF/lib/istack-commons-runtime-3.0.7.jar
7f287eaa8000-7f287eaab000 r--s 00010000 08:01 1581881                    /home/trinhlk/eclipse-workspace-2019/.metadata/.plugins/org.eclipse.wst.server.core/tmp0/wtpwebapps/JavaBIPMonitor/WEB-INF/lib/org.javabip.spec.examples-0.1.0-SNAPSHOT.jar
7f287eaab000-7f287eaf2000 r--s 002d9000 08:01 1581908                    /home/trinhlk/eclipse-workspace-2019/.metadata/.plugins/org.eclipse.wst.server.core/tmp0/wtpwebapps/JavaBIPMonitor/WEB-INF/lib/byte-buddy-1.9.11.jar
7f287eaf2000-7f287eaf5000 r--s 0001f000 08:01 1581898                    /home/trinhlk/eclipse-workspace-2019/.metadata/.plugins/org.eclipse.wst.server.core/tmp0/wtpwebapps/JavaBIPMonitor/WEB-INF/lib/commons-validator-1.3.1.jar
7f287eaf5000-7f287eaf7000 r--s 00008000 08:01 1581903                    /home/trinhlk/eclipse-workspace-2019/.metadata/.plugins/org.eclipse.wst.server.core/tmp0/wtpwebapps/JavaBIPMonitor/WEB-INF/lib/commons-logging-1.0.4.jar
7f287eaf7000-7f287eaf9000 r--s 00005000 08:01 1581910                    /home/trinhlk/eclipse-workspace-2019/.metadata/.plugins/org.eclipse.wst.server.core/tmp0/wtpwebapps/JavaBIPMonitor/WEB-INF/lib/jboss-transaction-api_1.2_spec-1.1.1.Final.jar
7f287eaf9000-7f287eafc000 r--s 00038000 08:01 1581874                    /home/trinhlk/eclipse-workspace-2019/.metadata/.plugins/org.eclipse.wst.server.core/tmp0/wtpwebapps/JavaBIPMonitor/WEB-INF/lib/javabdd-1.0b2.jar
7f287eafc000-7f287eaff000 r--s 0000f000 08:01 1581918                    /home/trinhlk/eclipse-workspace-2019/.metadata/.plugins/org.eclipse.wst.server.core/tmp0/wtpwebapps/JavaBIPMonitor/WEB-INF/lib/txw2-2.3.1.jar
7f287eaff000-7f287eb00000 r--s 00001000 08:01 1581876                    /home/trinhlk/eclipse-workspace-2019/.metadata/.plugins/org.eclipse.wst.server.core/tmp0/wtpwebapps/JavaBIPMonitor/WEB-INF/lib/org.javabip.engine.api-0.1.0-SNAPSHOT.jar
7f287eb00000-7f287eb09000 r--s 0006f000 08:01 1581925                    /home/trinhlk/eclipse-workspace-2019/.metadata/.plugins/org.eclipse.wst.server.core/tmp0/wtpwebapps/JavaBIPMonitor/WEB-INF/lib/log4j-1.2.17.jar
7f287eb09000-7f287eb0e000 r--s 00040000 08:01 1581889                    /home/trinhlk/eclipse-workspace-2019/.metadata/.plugins/org.eclipse.wst.server.core/tmp0/wtpwebapps/JavaBIPMonitor/WEB-INF/lib/config-1.3.1.jar
7f287eb0e000-7f287eb10000 r--s 0000f000 08:01 1581905                    /home/trinhlk/eclipse-workspace-2019/.metadata/.plugins/org.eclipse.wst.server.core/tmp0/wtpwebapps/JavaBIPMonitor/WEB-INF/lib/jboss-logging-3.3.2.Final.jar
7f287eb10000-7f287eb13000 r--s 0003d000 08:01 1581892                    /home/trinhlk/eclipse-workspace-2019/.metadata/.plugins/org.eclipse.wst.server.core/tmp0/wtpwebapps/JavaBIPMonitor/WEB-INF/lib/akka-testkit_2.13-2.6.0-M8.jar
7f287eb13000-7f287eb23000 r--s 0014c000 08:01 1581923                    /home/trinhlk/eclipse-workspace-2019/.metadata/.plugins/org.eclipse.wst.server.core/tmp0/wtpwebapps/JavaBIPMonitor/WEB-INF/lib/protobuf-java-3.6.1.jar
7f287eb23000-7f287eb24000 r--s 00008000 08:01 1581920                    /home/trinhlk/eclipse-workspace-2019/.metadata/.plugins/org.eclipse.wst.server.core/tmp0/wtpwebapps/JavaBIPMonitor/WEB-INF/lib/stax-ex-1.8.jar
7f287eb24000-7f287eb27000 r--s 00010000 08:01 1581915                    /home/trinhlk/eclipse-workspace-2019/.metadata/.plugins/org.eclipse.wst.server.core/tmp0/wtpwebapps/JavaBIPMonitor/WEB-INF/lib/hibernate-commons-annotations-5.1.0.Final.jar
7f287eb27000-7f287eb34000 r--s 00090000 08:01 1581891                    /home/trinhlk/eclipse-workspace-2019/.metadata/.plugins/org.eclipse.wst.server.core/tmp0/wtpwebapps/JavaBIPMonitor/WEB-INF/lib/scala-java8-compat_2.13-0.9.0.jar
7f287eb34000-7f287eb39000 r--s 00068000 08:01 1581909                    /home/trinhlk/eclipse-workspace-2019/.metadata/.plugins/org.eclipse.wst.server.core/tmp0/wtpwebapps/JavaBIPMonitor/WEB-INF/lib/antlr-2.7.7.jar
7f287eb39000-7f287eb3e000 r--s 0002a000 08:01 1581899                    /home/trinhlk/eclipse-workspace-2019/.metadata/.plugins/org.eclipse.wst.server.core/tmp0/wtpwebapps/JavaBIPMonitor/WEB-INF/lib/commons-beanutils-1.7.0.jar
7f287eb3e000-7f287eb40000 r--s 001b5000 08:01 1581879                    /home/trinhlk/eclipse-workspace-2019/.metadata/.plugins/org.eclipse.wst.server.core/tmp0/wtpwebapps/JavaBIPMonitor/WEB-INF/lib/org.javabip.executor-0.1.0-SNAPSHOT.jar
7f287eb40000-7f287eb66000 r--s 00344000 08:01 1581890                    /home/trinhlk/eclipse-workspace-2019/.metadata/.plugins/org.eclipse.wst.server.core/tmp0/wtpwebapps/JavaBIPMonitor/WEB-INF/lib/akka-actor_2.13-2.5.26.jar
7f287eb66000-7f287eb6c000 r--s 00023000 08:01 1581901                    /home/trinhlk/eclipse-workspace-2019/.metadata/.plugins/org.eclipse.wst.server.core/tmp0/wtpwebapps/JavaBIPMonitor/WEB-INF/lib/commons-collections-2.1.jar
7f287eb6c000-7f287eb71000 r--s 00037000 08:01 1581895                    /home/trinhlk/eclipse-workspace-2019/.metadata/.plugins/org.eclipse.wst.server.core/tmp0/wtpwebapps/JavaBIPMonitor/WEB-INF/lib/antlr4-runtime-4.0.jar
7f287eb71000-7f287eb75000 r--s 00052000 08:01 1581883                    /home/trinhlk/eclipse-workspace-2019/.metadata/.plugins/org.eclipse.wst.server.core/tmp0/wtpwebapps/JavaBIPMonitor/WEB-INF/lib/jackson-core-2.11.0.jar
7f287eb75000-7f287eb77000 r--s 00005000 08:01 1581896                    /home/trinhlk/eclipse-workspace-2019/.metadata/.plugins/org.eclipse.wst.server.core/tmp0/wtpwebapps/JavaBIPMonitor/WEB-INF/lib/org.abego.treelayout.core-1.0.1.jar
7f287eb77000-7f287eb8a000 r--s 0034b000 08:01 1053942                    /usr/lib/jvm/java-8-openjdk-amd64/jre/lib/resources.jar
7f287eb8a000-7f287ed8a000 rw-p 00000000 00:00 0 
7f287ed8a000-7f287ef8a000 rw-p 00000000 00:00 0 
7f287ef8a000-7f287efb2000 r-xp 00000000 08:01 1053921                    /usr/lib/jvm/java-8-openjdk-amd64/jre/lib/amd64/libsunec.so
7f287efb2000-7f287f1b2000 ---p 00028000 08:01 1053921                    /usr/lib/jvm/java-8-openjdk-amd64/jre/lib/amd64/libsunec.so
7f287f1b2000-7f287f1b6000 r--p 00028000 08:01 1053921                    /usr/lib/jvm/java-8-openjdk-amd64/jre/lib/amd64/libsunec.so
7f287f1b6000-7f287f1b7000 rw-p 0002c000 08:01 1053921                    /usr/lib/jvm/java-8-openjdk-amd64/jre/lib/amd64/libsunec.so
7f287f1b7000-7f287f1b9000 r--s 00016000 08:01 1053851                    /usr/lib/jvm/java-8-openjdk-amd64/jre/lib/jce.jar
7f287f1b9000-7f287f1ca000 r--s 001bf000 08:01 1053861                    /usr/lib/jvm/java-8-openjdk-amd64/jre/lib/jsse.jar
7f287f1ca000-7f287f3ca000 rw-p 00000000 00:00 0 
7f287f3ca000-7f287f3cd000 ---p 00000000 00:00 0 
7f287f3cd000-7f287f4cb000 rw-p 00000000 00:00 0 
7f287f4cb000-7f287f4d4000 r-xp 00000000 08:01 1053905                    /usr/lib/jvm/java-8-openjdk-amd64/jre/lib/amd64/libmanagement.so
7f287f4d4000-7f287f6d3000 ---p 00009000 08:01 1053905                    /usr/lib/jvm/java-8-openjdk-amd64/jre/lib/amd64/libmanagement.so
7f287f6d3000-7f287f6d4000 r--p 00008000 08:01 1053905                    /usr/lib/jvm/java-8-openjdk-amd64/jre/lib/amd64/libmanagement.so
7f287f6d4000-7f287f6d5000 rw-p 00009000 08:01 1053905                    /usr/lib/jvm/java-8-openjdk-amd64/jre/lib/amd64/libmanagement.so
7f287f6d5000-7f287f6ea000 r--s 00196000 08:01 1060894                    /home/trinhlk/Downloads/apache-tomcat-9.0.56/lib/catalina.jar
7f287f6ea000-7f287f6ec000 r--s 00014000 08:01 1060896                    /home/trinhlk/Downloads/apache-tomcat-9.0.56/lib/el-api.jar
7f287f6ec000-7f287f6f1000 r--s 0002a000 08:01 1060909                    /home/trinhlk/Downloads/apache-tomcat-9.0.56/lib/tomcat-i18n-ja.jar
7f287f6f1000-7f287f6f3000 r--s 00008000 08:01 1060919                    /home/trinhlk/Downloads/apache-tomcat-9.0.56/lib/websocket-api.jar
7f287f6f3000-7f287f6f7000 r--s 00016000 08:01 1060907                    /home/trinhlk/Downloads/apache-tomcat-9.0.56/lib/tomcat-i18n-es.jar
7f287f6f7000-7f287f6f9000 r--s 00007000 08:01 1060915                    /home/trinhlk/Downloads/apache-tomcat-9.0.56/lib/tomcat-jni.jar
7f287f6f9000-7f287f713000 r--s 002e4000 08:01 1060895                    /home/trinhlk/Downloads/apache-tomcat-9.0.56/lib/ecj-4.20.jar
7f287f713000-7f287f717000 r--s 00030000 08:01 1060917                    /home/trinhlk/Downloads/apache-tomcat-9.0.56/lib/tomcat-util.jar
7f287f717000-7f287f71d000 r--s 0004d000 08:01 1060893                    /home/trinhlk/Downloads/apache-tomcat-9.0.56/lib/catalina-tribes.jar
7f287f71d000-7f287f720000 r--s 00009000 08:01 1060912                    /home/trinhlk/Downloads/apache-tomcat-9.0.56/lib/tomcat-i18n-ru.jar
7f287f720000-7f287f724000 r--s 00042000 08:01 1060901                    /home/trinhlk/Downloads/apache-tomcat-9.0.56/lib/servlet-api.jar
7f287f724000-7f287f727000 r--s 00022000 08:01 1060914                    /home/trinhlk/Downloads/apache-tomcat-9.0.56/lib/tomcat-jdbc.jar
7f287f727000-7f287f733000 r--s 000d5000 08:01 1060903                    /home/trinhlk/Downloads/apache-tomcat-9.0.56/lib/tomcat-coyote.jar
7f287f733000-7f287f737000 r--s 0000f000 08:01 1060906                    /home/trinhlk/Downloads/apache-tomcat-9.0.56/lib/tomcat-i18n-de.jar
7f287f737000-7f287f73c000 r--s 0002a000 08:01 1060910                    /home/trinhlk/Downloads/apache-tomcat-9.0.56/lib/tomcat-i18n-ko.jar
7f287f73c000-7f287f73e000 r--s 0000e000 08:01 1060891                    /home/trinhlk/Downloads/apache-tomcat-9.0.56/lib/catalina-ssi.jar
7f287f73e000-7f287f745000 r--s 00085000 08:01 1060898                    /home/trinhlk/Downloads/apache-tomcat-9.0.56/lib/jasper.jar
7f287f745000-7f287f748000 r--s 0000a000 08:01 1060911                    /home/trinhlk/Downloads/apache-tomcat-9.0.56/lib/tomcat-i18n-pt-BR.jar
7f287f748000-7f287f74a000 r--s 00005000 08:01 1060899                    /home/trinhlk/Downloads/apache-tomcat-9.0.56/lib/jaspic-api.jar
7f287f74a000-7f287f74e000 r--s 00025000 08:01 1060908                    /home/trinhlk/Downloads/apache-tomcat-9.0.56/lib/tomcat-i18n-fr.jar
7f287f74e000-7f287f752000 r--s 00033000 08:01 1060916                    /home/trinhlk/Downloads/apache-tomcat-9.0.56/lib/tomcat-util-scan.jar
7f287f752000-7f287f756000 r--s 00027000 08:01 1060897                    /home/trinhlk/Downloads/apache-tomcat-9.0.56/lib/jasper-el.jar
7f287f756000-7f287f7d0000 r--s 01106000 08:01 1054133                    /usr/lib/jvm/java-8-openjdk-amd64/lib/tools.jar
7f287f7d0000-7f287f7e8000 r-xp 00000000 08:01 1053913                    /usr/lib/jvm/java-8-openjdk-amd64/jre/lib/amd64/libnet.so
7f287f7e8000-7f287f9e7000 ---p 00018000 08:01 1053913                    /usr/lib/jvm/java-8-openjdk-amd64/jre/lib/amd64/libnet.so
7f287f9e7000-7f287f9e8000 r--p 00017000 08:01 1053913                    /usr/lib/jvm/java-8-openjdk-amd64/jre/lib/amd64/libnet.so
7f287f9e8000-7f287f9e9000 rw-p 00018000 08:01 1053913                    /usr/lib/jvm/java-8-openjdk-amd64/jre/lib/amd64/libnet.so
7f287f9e9000-7f287f9fb000 r-xp 00000000 08:01 1053909                    /usr/lib/jvm/java-8-openjdk-amd64/jre/lib/amd64/libnio.so
7f287f9fb000-7f287fbfa000 ---p 00012000 08:01 1053909                    /usr/lib/jvm/java-8-openjdk-amd64/jre/lib/amd64/libnio.so
7f287fbfa000-7f287fbfb000 r--p 00011000 08:01 1053909                    /usr/lib/jvm/java-8-openjdk-amd64/jre/lib/amd64/libnio.so
7f287fbfb000-7f287fbfc000 rw-p 00012000 08:01 1053909                    /usr/lib/jvm/java-8-openjdk-amd64/jre/lib/amd64/libnio.so
7f287fbfc000-7f287fbfd000 ---p 00000000 00:00 0 
7f287fbfd000-7f287fcfd000 rw-p 00000000 00:00 0 
7f287fcfd000-7f287fd00000 ---p 00000000 00:00 0 
7f287fd00000-7f287fdfe000 rw-p 00000000 00:00 0 
7f287fdfe000-7f287fe01000 ---p 00000000 00:00 0 
7f287fe01000-7f287feff000 rw-p 00000000 00:00 0 
7f287feff000-7f287ff02000 ---p 00000000 00:00 0 
7f287ff02000-7f2880000000 rw-p 00000000 00:00 0 
7f2880000000-7f2880021000 rw-p 00000000 00:00 0 
7f2880021000-7f2884000000 ---p 00000000 00:00 0 
7f2884000000-7f2884001000 r--s 0000f000 08:01 1581885                    /home/trinhlk/eclipse-workspace-2019/.metadata/.plugins/org.eclipse.wst.server.core/tmp0/wtpwebapps/JavaBIPMonitor/WEB-INF/lib/json-20180813.jar
7f2884001000-7f2884004000 r--s 0000e000 08:01 1060905                    /home/trinhlk/Downloads/apache-tomcat-9.0.56/lib/tomcat-i18n-cs.jar
7f2884004000-7f2884009000 r--s 00026000 08:01 1060913                    /home/trinhlk/Downloads/apache-tomcat-9.0.56/lib/tomcat-i18n-zh-CN.jar
7f2884009000-7f288400b000 r--s 0000c000 08:01 1060889                    /home/trinhlk/Downloads/apache-tomcat-9.0.56/lib/catalina-ant.jar
7f288400b000-7f288400d000 r--s 00002000 08:01 1060888                    /home/trinhlk/Downloads/apache-tomcat-9.0.56/lib/annotations-api.jar
7f288400d000-7f2884010000 r--s 0001c000 08:01 1060890                    /home/trinhlk/Downloads/apache-tomcat-9.0.56/lib/catalina-ha.jar
7f2884010000-7f2884015000 r--s 0004f000 08:01 1060904                    /home/trinhlk/Downloads/apache-tomcat-9.0.56/lib/tomcat-dbcp.jar
7f2884015000-7f288401a000 r--s 00037000 08:01 1060918                    /home/trinhlk/Downloads/apache-tomcat-9.0.56/lib/tomcat-websocket.jar
7f288401a000-7f288401c000 r--s 00012000 08:01 1060892                    /home/trinhlk/Downloads/apache-tomcat-9.0.56/lib/catalina-storeconfig.jar
7f288401c000-7f288401f000 r--s 0000d000 08:01 1060900                    /home/trinhlk/Downloads/apache-tomcat-9.0.56/lib/jsp-api.jar
7f288401f000-7f2884021000 r--s 0000a000 08:01 1060872                    /home/trinhlk/Downloads/apache-tomcat-9.0.56/bin/tomcat-juli.jar
7f2884021000-7f2884023000 r--s 00005000 08:01 1060858                    /home/trinhlk/Downloads/apache-tomcat-9.0.56/bin/commons-daemon.jar
7f2884023000-7f2884054000 rw-p 00000000 00:00 0 
7f2884054000-7f2884056000 r--s 00007000 08:01 1060851                    /home/trinhlk/Downloads/apache-tomcat-9.0.56/bin/bootstrap.jar
7f2884056000-7f288405a000 r--s 00040000 08:01 1053893                    /usr/lib/jvm/java-8-openjdk-amd64/jre/lib/ext/sunpkcs11.jar
7f288405a000-7f2884075000 r--s 00394000 08:01 1053888                    /usr/lib/jvm/java-8-openjdk-amd64/jre/lib/ext/cldrdata.jar
7f2884075000-7f2884080000 r--s 00116000 08:01 1053892                    /usr/lib/jvm/java-8-openjdk-amd64/jre/lib/ext/localedata.jar
7f2884080000-7f2884083000 ---p 00000000 00:00 0 
7f2884083000-7f2884181000 rw-p 00000000 00:00 0 
7f2884181000-7f2884184000 ---p 00000000 00:00 0 
7f2884184000-7f2884282000 rw-p 00000000 00:00 0 
7f2884282000-7f288455a000 r--p 00000000 08:01 1835926                    /usr/lib/locale/locale-archive
7f288455a000-7f288455d000 ---p 00000000 00:00 0 
7f288455d000-7f288465b000 rw-p 00000000 00:00 0 
7f288465b000-7f288465e000 ---p 00000000 00:00 0 
7f288465e000-7f288475c000 rw-p 00000000 00:00 0 
7f288475c000-7f288475d000 ---p 00000000 00:00 0 
7f288475d000-7f288581d000 rw-p 00000000 00:00 0 
7f288581d000-7f28859ee000 r--s 03ca5000 08:01 1053866                    /usr/lib/jvm/java-8-openjdk-amd64/jre/lib/rt.jar
7f28859ee000-7f28882ff000 rw-p 00000000 00:00 0 
7f28882ff000-7f2888300000 ---p 00000000 00:00 0 
7f2888300000-7f2888400000 rw-p 00000000 00:00 0 
7f2888400000-7f2888401000 ---p 00000000 00:00 0 
7f2888401000-7f2888501000 rw-p 00000000 00:00 0 
7f2888501000-7f2888502000 ---p 00000000 00:00 0 
7f2888502000-7f2888602000 rw-p 00000000 00:00 0 
7f2888602000-7f2888603000 ---p 00000000 00:00 0 
7f2888603000-7f2888718000 rw-p 00000000 00:00 0 
7f2888718000-7f288884b000 ---p 00000000 00:00 0 
7f288884b000-7f2888860000 rw-p 00000000 00:00 0 
7f2888860000-7f2888992000 ---p 00000000 00:00 0 
7f2888992000-7f2888a09000 rw-p 00000000 00:00 0 
7f2888a09000-7f2888a36000 ---p 00000000 00:00 0 
7f2888a36000-7f2888a57000 rw-p 00000000 00:00 0 
7f2888a57000-7f2888df7000 ---p 00000000 00:00 0 
7f2888df7000-7f28895d7000 rwxp 00000000 00:00 0 
7f28895d7000-7f2897df7000 ---p 00000000 00:00 0 
7f2897df7000-7f2897dff000 r-xp 00000000 08:01 1053912                    /usr/lib/jvm/java-8-openjdk-amd64/jre/lib/amd64/libzip.so
7f2897dff000-7f2897ffe000 ---p 00008000 08:01 1053912                    /usr/lib/jvm/java-8-openjdk-amd64/jre/lib/amd64/libzip.so
7f2897ffe000-7f2897fff000 r--p 00007000 08:01 1053912                    /usr/lib/jvm/java-8-openjdk-amd64/jre/lib/amd64/libzip.so
7f2897fff000-7f2898000000 rw-p 00008000 08:01 1053912                    /usr/lib/jvm/java-8-openjdk-amd64/jre/lib/amd64/libzip.so
7f2898000000-7f2898fab000 rw-p 00000000 00:00 0 
7f2898fab000-7f289c000000 ---p 00000000 00:00 0 
7f289c000000-7f289c001000 r--s 00002000 08:01 1060902                    /home/trinhlk/Downloads/apache-tomcat-9.0.56/lib/tomcat-api.jar
7f289c001000-7f289c01c000 r--s 001d6000 08:01 1053890                    /usr/lib/jvm/java-8-openjdk-amd64/jre/lib/ext/nashorn.jar
7f289c01c000-7f289c027000 r-xp 00000000 08:01 262239                     /lib/x86_64-linux-gnu/libnss_files-2.23.so
7f289c027000-7f289c226000 ---p 0000b000 08:01 262239                     /lib/x86_64-linux-gnu/libnss_files-2.23.so
7f289c226000-7f289c227000 r--p 0000a000 08:01 262239                     /lib/x86_64-linux-gnu/libnss_files-2.23.so
7f289c227000-7f289c228000 rw-p 0000b000 08:01 262239                     /lib/x86_64-linux-gnu/libnss_files-2.23.so
7f289c228000-7f289c22e000 rw-p 00000000 00:00 0 
7f289c22e000-7f289c239000 r-xp 00000000 08:01 267459                     /lib/x86_64-linux-gnu/libnss_nis-2.23.so
7f289c239000-7f289c438000 ---p 0000b000 08:01 267459                     /lib/x86_64-linux-gnu/libnss_nis-2.23.so
7f289c438000-7f289c439000 r--p 0000a000 08:01 267459                     /lib/x86_64-linux-gnu/libnss_nis-2.23.so
7f289c439000-7f289c43a000 rw-p 0000b000 08:01 267459                     /lib/x86_64-linux-gnu/libnss_nis-2.23.so
7f289c43a000-7f289c450000 r-xp 00000000 08:01 267460                     /lib/x86_64-linux-gnu/libnsl-2.23.so
7f289c450000-7f289c64f000 ---p 00016000 08:01 267460                     /lib/x86_64-linux-gnu/libnsl-2.23.so
7f289c64f000-7f289c650000 r--p 00015000 08:01 267460                     /lib/x86_64-linux-gnu/libnsl-2.23.so
7f289c650000-7f289c651000 rw-p 00016000 08:01 267460                     /lib/x86_64-linux-gnu/libnsl-2.23.so
7f289c651000-7f289c653000 rw-p 00000000 00:00 0 
7f289c653000-7f289c65b000 r-xp 00000000 08:01 267462                     /lib/x86_64-linux-gnu/libnss_compat-2.23.so
7f289c65b000-7f289c85a000 ---p 00008000 08:01 267462                     /lib/x86_64-linux-gnu/libnss_compat-2.23.so
7f289c85a000-7f289c85b000 r--p 00007000 08:01 267462                     /lib/x86_64-linux-gnu/libnss_compat-2.23.so
7f289c85b000-7f289c85c000 rw-p 00008000 08:01 267462                     /lib/x86_64-linux-gnu/libnss_compat-2.23.so
7f289c85c000-7f289c886000 r-xp 00000000 08:01 1053919                    /usr/lib/jvm/java-8-openjdk-amd64/jre/lib/amd64/libjava.so
7f289c886000-7f289ca85000 ---p 0002a000 08:01 1053919                    /usr/lib/jvm/java-8-openjdk-amd64/jre/lib/amd64/libjava.so
7f289ca85000-7f289ca86000 r--p 00029000 08:01 1053919                    /usr/lib/jvm/java-8-openjdk-amd64/jre/lib/amd64/libjava.so
7f289ca86000-7f289ca88000 rw-p 0002a000 08:01 1053919                    /usr/lib/jvm/java-8-openjdk-amd64/jre/lib/amd64/libjava.so
7f289ca88000-7f289ca97000 r-xp 00000000 08:01 1053917                    /usr/lib/jvm/java-8-openjdk-amd64/jre/lib/amd64/libverify.so
7f289ca97000-7f289cc96000 ---p 0000f000 08:01 1053917                    /usr/lib/jvm/java-8-openjdk-amd64/jre/lib/amd64/libverify.so
7f289cc96000-7f289cc98000 r--p 0000e000 08:01 1053917                    /usr/lib/jvm/java-8-openjdk-amd64/jre/lib/amd64/libverify.so
7f289cc98000-7f289cc99000 rw-p 00010000 08:01 1053917                    /usr/lib/jvm/java-8-openjdk-amd64/jre/lib/amd64/libverify.so
7f289cc99000-7f289cca0000 r-xp 00000000 08:01 262238                     /lib/x86_64-linux-gnu/librt-2.23.so
7f289cca0000-7f289ce9f000 ---p 00007000 08:01 262238                     /lib/x86_64-linux-gnu/librt-2.23.so
7f289ce9f000-7f289cea0000 r--p 00006000 08:01 262238                     /lib/x86_64-linux-gnu/librt-2.23.so
7f289cea0000-7f289cea1000 rw-p 00007000 08:01 262238                     /lib/x86_64-linux-gnu/librt-2.23.so
7f289cea1000-7f289ceb7000 r-xp 00000000 08:01 267776                     /lib/x86_64-linux-gnu/libgcc_s.so.1
7f289ceb7000-7f289d0b6000 ---p 00016000 08:01 267776                     /lib/x86_64-linux-gnu/libgcc_s.so.1
7f289d0b6000-7f289d0b7000 rw-p 00015000 08:01 267776                     /lib/x86_64-linux-gnu/libgcc_s.so.1
7f289d0b7000-7f289d1bf000 r-xp 00000000 08:01 267414                     /lib/x86_64-linux-gnu/libm-2.23.so
7f289d1bf000-7f289d3be000 ---p 00108000 08:01 267414                     /lib/x86_64-linux-gnu/libm-2.23.so
7f289d3be000-7f289d3bf000 r--p 00107000 08:01 267414                     /lib/x86_64-linux-gnu/libm-2.23.so
7f289d3bf000-7f289d3c0000 rw-p 00108000 08:01 267414                     /lib/x86_64-linux-gnu/libm-2.23.so
7f289d3c0000-7f289d532000 r-xp 00000000 08:01 1846234                    /usr/lib/x86_64-linux-gnu/libstdc++.so.6.0.21
7f289d532000-7f289d732000 ---p 00172000 08:01 1846234                    /usr/lib/x86_64-linux-gnu/libstdc++.so.6.0.21
7f289d732000-7f289d73c000 r--p 00172000 08:01 1846234                    /usr/lib/x86_64-linux-gnu/libstdc++.so.6.0.21
7f289d73c000-7f289d73e000 rw-p 0017c000 08:01 1846234                    /usr/lib/x86_64-linux-gnu/libstdc++.so.6.0.21
7f289d73e000-7f289d742000 rw-p 00000000 00:00 0 
7f289d742000-7f289e468000 r-xp 00000000 08:01 1053936                    /usr/lib/jvm/java-8-openjdk-amd64/jre/lib/amd64/server/libjvm.so
7f289e468000-7f289e667000 ---p 00d26000 08:01 1053936                    /usr/lib/jvm/java-8-openjdk-amd64/jre/lib/amd64/server/libjvm.so
7f289e667000-7f289e6fd000 r--p 00d25000 08:01 1053936                    /usr/lib/jvm/java-8-openjdk-amd64/jre/lib/amd64/server/libjvm.so
7f289e6fd000-7f289e726000 rw-p 00dbb000 08:01 1053936                    /usr/lib/jvm/java-8-openjdk-amd64/jre/lib/amd64/server/libjvm.so
7f289e726000-7f289e759000 rw-p 00000000 00:00 0 
7f289e759000-7f289e771000 r-xp 00000000 08:01 262230                     /lib/x86_64-linux-gnu/libpthread-2.23.so
7f289e771000-7f289e970000 ---p 00018000 08:01 262230                     /lib/x86_64-linux-gnu/libpthread-2.23.so
7f289e970000-7f289e971000 r--p 00017000 08:01 262230                     /lib/x86_64-linux-gnu/libpthread-2.23.so
7f289e971000-7f289e972000 rw-p 00018000 08:01 262230                     /lib/x86_64-linux-gnu/libpthread-2.23.so
7f289e972000-7f289e976000 rw-p 00000000 00:00 0 
7f289e976000-7f289e979000 r-xp 00000000 08:01 262235                     /lib/x86_64-linux-gnu/libdl-2.23.so
7f289e979000-7f289eb78000 ---p 00003000 08:01 262235                     /lib/x86_64-linux-gnu/libdl-2.23.so
7f289eb78000-7f289eb79000 r--p 00002000 08:01 262235                     /lib/x86_64-linux-gnu/libdl-2.23.so
7f289eb79000-7f289eb7a000 rw-p 00003000 08:01 262235                     /lib/x86_64-linux-gnu/libdl-2.23.so
7f289eb7a000-7f289eb93000 r-xp 00000000 08:01 267929                     /lib/x86_64-linux-gnu/libz.so.1.2.8
7f289eb93000-7f289ed92000 ---p 00019000 08:01 267929                     /lib/x86_64-linux-gnu/libz.so.1.2.8
7f289ed92000-7f289ed93000 r--p 00018000 08:01 267929                     /lib/x86_64-linux-gnu/libz.so.1.2.8
7f289ed93000-7f289ed94000 rw-p 00019000 08:01 267929                     /lib/x86_64-linux-gnu/libz.so.1.2.8
7f289ed94000-7f289ef54000 r-xp 00000000 08:01 267461                     /lib/x86_64-linux-gnu/libc-2.23.so
7f289ef54000-7f289f154000 ---p 001c0000 08:01 267461                     /lib/x86_64-linux-gnu/libc-2.23.so
7f289f154000-7f289f158000 r--p 001c0000 08:01 267461                     /lib/x86_64-linux-gnu/libc-2.23.so
7f289f158000-7f289f15a000 rw-p 001c4000 08:01 267461                     /lib/x86_64-linux-gnu/libc-2.23.so
7f289f15a000-7f289f15e000 rw-p 00000000 00:00 0 
7f289f15e000-7f289f16c000 r-xp 00000000 08:01 1053925                    /usr/lib/jvm/java-8-openjdk-amd64/jre/lib/amd64/jli/libjli.so
7f289f16c000-7f289f36b000 ---p 0000e000 08:01 1053925                    /usr/lib/jvm/java-8-openjdk-amd64/jre/lib/amd64/jli/libjli.so
7f289f36b000-7f289f36c000 r--p 0000d000 08:01 1053925                    /usr/lib/jvm/java-8-openjdk-amd64/jre/lib/amd64/jli/libjli.so
7f289f36c000-7f289f36d000 rw-p 0000e000 08:01 1053925                    /usr/lib/jvm/java-8-openjdk-amd64/jre/lib/amd64/jli/libjli.so
7f289f36d000-7f289f393000 r-xp 00000000 08:01 262240                     /lib/x86_64-linux-gnu/ld-2.23.so
7f289f393000-7f289f394000 r--s 0000a000 08:01 1053891                    /usr/lib/jvm/java-8-openjdk-amd64/jre/lib/ext/jaccess.jar
7f289f394000-7f289f396000 r--s 00001000 08:01 1053895                    /usr/lib/jvm/java-8-openjdk-amd64/jre/lib/ext/dnsns.jar
7f289f396000-7f289f399000 r--s 0000f000 08:01 1053894                    /usr/lib/jvm/java-8-openjdk-amd64/jre/lib/ext/icedtea-sound.jar
7f289f399000-7f289f39b000 r--s 00010000 08:01 1053889                    /usr/lib/jvm/java-8-openjdk-amd64/jre/lib/ext/zipfs.jar
7f289f39b000-7f289f39d000 r--s 00008000 08:01 1053887                    /usr/lib/jvm/java-8-openjdk-amd64/jre/lib/ext/sunec.jar
7f289f39d000-7f289f476000 rw-p 00000000 00:00 0 
7f289f476000-7f289f479000 ---p 00000000 00:00 0 
7f289f479000-7f289f57b000 rw-p 00000000 00:00 0 
7f289f57b000-7f289f581000 r--s 0003d000 08:01 1053896                    /usr/lib/jvm/java-8-openjdk-amd64/jre/lib/ext/sunjce_provider.jar
7f289f581000-7f289f587000 r--s 000d3000 08:01 1053874                    /usr/lib/jvm/java-8-openjdk-amd64/jre/lib/jfr.jar
7f289f587000-7f289f58f000 rw-s 00000000 08:01 1452516                    /tmp/hsperfdata_trinhlk/46695
7f289f58f000-7f289f590000 rw-p 00000000 00:00 0 
7f289f590000-7f289f591000 ---p 00000000 00:00 0 
7f289f591000-7f289f592000 rw-p 00000000 00:00 0 
7f289f592000-7f289f593000 r--p 00025000 08:01 262240                     /lib/x86_64-linux-gnu/ld-2.23.so
7f289f593000-7f289f594000 rw-p 00026000 08:01 262240                     /lib/x86_64-linux-gnu/ld-2.23.so
7f289f594000-7f289f595000 rw-p 00000000 00:00 0 
7ffc32b15000-7ffc32b37000 rw-p 00000000 00:00 0                          [stack]
7ffc32bca000-7ffc32bcd000 r--p 00000000 00:00 0                          [vvar]
7ffc32bcd000-7ffc32bcf000 r-xp 00000000 00:00 0                          [vdso]
ffffffffff600000-ffffffffff601000 r-xp 00000000 00:00 0                  [vsyscall]

VM Arguments:
jvm_args: -Dcatalina.base=/home/trinhlk/eclipse-workspace-2019/.metadata/.plugins/org.eclipse.wst.server.core/tmp0 -Dcatalina.home=/home/trinhlk/Downloads/apache-tomcat-9.0.56 -Dwtp.deploy=/home/trinhlk/eclipse-workspace-2019/.metadata/.plugins/org.eclipse.wst.server.core/tmp0/wtpwebapps -Djava.endorsed.dirs=/home/trinhlk/Downloads/apache-tomcat-9.0.56/endorsed -Dfile.encoding=UTF-8 
java_command: org.apache.catalina.startup.Bootstrap start
java_class_path (initial): /home/trinhlk/Downloads/apache-tomcat-9.0.56/bin/bootstrap.jar:/home/trinhlk/Downloads/apache-tomcat-9.0.56/bin/tomcat-juli.jar:/usr/lib/jvm/java-8-openjdk-amd64/lib/tools.jar
Launcher Type: SUN_STANDARD

Environment Variables:
JAVA_HOME=/usr/lib/jvm/java-1.8.0-openjdk-amd64
PATH=/home/trinhlk/bin:/home/trinhlk/.local/bin:/usr/local/sbin:/usr/local/bin:/usr/sbin:/usr/bin:/sbin:/bin:/usr/games:/usr/local/games:/snap/bin:/home/trinhlk/bin:/usr/lib/jvm/java-1.8.0-openjdk-amd64/bin:IFinder/ujf.verimag.bip.ifinder/cli-lib:/home/trinhlk/Download/IFinder/ujf.verimag.bip.ifinder/cli-lib:/home/trinhlk/Downloads/IFinder/ujf.verimag.bip.ifinder/cli-lib
LD_LIBRARY_PATH=:IFinder/ujf.verimag.bip.ifinder/cli-lib:/home/trinhlk/Downloads/IFinder/ujf.verimag.bip.ifinder/cli-lib
SHELL=/bin/bash
DISPLAY=:0

Signal Handlers:
SIGSEGV: [libjvm.so+0xb1f1b0], sa_mask[0]=11111111011111111101111111111110, sa_flags=SA_RESTART|SA_SIGINFO
SIGBUS: [libjvm.so+0xb1f1b0], sa_mask[0]=11111111011111111101111111111110, sa_flags=SA_RESTART|SA_SIGINFO
SIGFPE: [libjvm.so+0x956cf0], sa_mask[0]=11111111011111111101111111111110, sa_flags=SA_RESTART|SA_SIGINFO
SIGPIPE: [libjvm.so+0x956cf0], sa_mask[0]=11111111011111111101111111111110, sa_flags=SA_RESTART|SA_SIGINFO
SIGXFSZ: [libjvm.so+0x956cf0], sa_mask[0]=11111111011111111101111111111110, sa_flags=SA_RESTART|SA_SIGINFO
SIGILL: [libjvm.so+0x956cf0], sa_mask[0]=11111111011111111101111111111110, sa_flags=SA_RESTART|SA_SIGINFO
SIGUSR1: SIG_DFL, sa_mask[0]=00000000000000000000000000000000, sa_flags=none
SIGUSR2: [libjvm.so+0x956ba0], sa_mask[0]=00100000000000000000000000000000, sa_flags=SA_RESTART|SA_SIGINFO
SIGHUP: [libjvm.so+0x957230], sa_mask[0]=11111111011111111101111111111110, sa_flags=SA_RESTART|SA_SIGINFO
SIGINT: [libjvm.so+0x957230], sa_mask[0]=11111111011111111101111111111110, sa_flags=SA_RESTART|SA_SIGINFO
SIGTERM: [libjvm.so+0x957230], sa_mask[0]=11111111011111111101111111111110, sa_flags=SA_RESTART|SA_SIGINFO
SIGQUIT: [libjvm.so+0x957230], sa_mask[0]=11111111011111111101111111111110, sa_flags=SA_RESTART|SA_SIGINFO


---------------  S Y S T E M  ---------------

OS:DISTRIB_ID=Ubuntu
DISTRIB_RELEASE=16.04
DISTRIB_CODENAME=xenial
DISTRIB_DESCRIPTION="Ubuntu 16.04.7 LTS"

uname:Linux 4.15.0-142-generic #146~16.04.1-Ubuntu SMP Tue Apr 13 09:27:15 UTC 2021 x86_64
libc:glibc 2.23 NPTL 2.23 
rlimit: STACK 8192k, CORE 0k, NPROC 15446, NOFILE 1048576, AS infinity
load average:0.60 0.58 1.50

/proc/meminfo:
MemTotal:        4015896 kB
MemFree:          106832 kB
MemAvailable:      19152 kB
Buffers:             524 kB
Cached:           215096 kB
SwapCached:        28428 kB
Active:          2679060 kB
Inactive:         641132 kB
Active(anon):    2675960 kB
Inactive(anon):   625444 kB
Active(file):       3100 kB
Inactive(file):    15688 kB
Unevictable:          80 kB
Mlocked:              80 kB
SwapTotal:        998396 kB
SwapFree:              0 kB
Dirty:                68 kB
Writeback:          1512 kB
AnonPages:       3076788 kB
Mapped:           192560 kB
Shmem:            196228 kB
Slab:             127968 kB
SReclaimable:      46768 kB
SUnreclaim:        81200 kB
KernelStack:       18752 kB
PageTables:        60012 kB
NFS_Unstable:          0 kB
Bounce:                0 kB
WritebackTmp:          0 kB
CommitLimit:     3006344 kB
Committed_AS:    9546280 kB
VmallocTotal:   34359738367 kB
VmallocUsed:           0 kB
VmallocChunk:          0 kB
HardwareCorrupted:     0 kB
AnonHugePages:         0 kB
ShmemHugePages:        0 kB
ShmemPmdMapped:        0 kB
CmaTotal:              0 kB
CmaFree:               0 kB
HugePages_Total:       0
HugePages_Free:        0
HugePages_Rsvd:        0
HugePages_Surp:        0
Hugepagesize:       2048 kB
DirectMap4k:      372544 kB
DirectMap2M:     3821568 kB
DirectMap1G:     2097152 kB

container (cgroup) information:
container_type: cgroupv1
cpu_cpuset_cpus: 0-3
cpu_memory_nodes: 0
active_processor_count: 4
cpu_quota: -1
cpu_period: 100000
cpu_shares: -1
memory_limit_in_bytes: -1
memory_and_swap_limit_in_bytes: -2
memory_soft_limit_in_bytes: -1
memory_usage_in_bytes: 3376627712
memory_max_usage_in_bytes: 994418688


CPU:total 4 (initial active 4) (1 cores per cpu, 1 threads per core) family 6 model 158 stepping 10, cmov, cx8, fxsr, mmx, sse, sse2, sse3, ssse3, sse4.1, sse4.2, popcnt, avx, avx2, aes, clmul, erms, 3dnowpref, lzcnt, tsc, tscinvbit, bmi1, bmi2, adx

/proc/cpuinfo:
processor	: 0
vendor_id	: GenuineIntel
cpu family	: 6
model		: 158
model name	: Intel(R) Core(TM) i7-9750H CPU @ 2.60GHz
stepping	: 10
cpu MHz		: 2592.000
cache size	: 12288 KB
physical id	: 0
siblings	: 1
core id		: 0
cpu cores	: 1
apicid		: 0
initial apicid	: 0
fpu		: yes
fpu_exception	: yes
cpuid level	: 22
wp		: yes
flags		: fpu vme de pse tsc msr pae mce cx8 apic sep mtrr pge mca cmov pat pse36 clflush mmx fxsr sse sse2 ss syscall nx pdpe1gb rdtscp lm constant_tsc arch_perfmon nopl xtopology tsc_reliable nonstop_tsc cpuid pni pclmulqdq ssse3 fma cx16 pcid sse4_1 sse4_2 x2apic movbe popcnt tsc_deadline_timer aes xsave avx f16c rdrand hypervisor lahf_lm abm 3dnowprefetch cpuid_fault invpcid_single pti ssbd ibrs ibpb stibp fsgsbase tsc_adjust bmi1 avx2 smep bmi2 invpcid rdseed adx smap clflushopt xsaveopt xsavec xgetbv1 xsaves arat md_clear flush_l1d arch_capabilities
bugs		: cpu_meltdown spectre_v1 spectre_v2 spec_store_bypass l1tf mds swapgs itlb_multihit srbds
bogomips	: 5184.00
clflush size	: 64
cache_alignment	: 64
address sizes	: 45 bits physical, 48 bits virtual
power management:

processor	: 1
vendor_id	: GenuineIntel
cpu family	: 6
model		: 158
model name	: Intel(R) Core(TM) i7-9750H CPU @ 2.60GHz
stepping	: 10
cpu MHz		: 2592.000
cache size	: 12288 KB
physical id	: 2
siblings	: 1
core id		: 0
cpu cores	: 1
apicid		: 2
initial apicid	: 2
fpu		: yes
fpu_exception	: yes
cpuid level	: 22
wp		: yes
flags		: fpu vme de pse tsc msr pae mce cx8 apic sep mtrr pge mca cmov pat pse36 clflush mmx fxsr sse sse2 ss syscall nx pdpe1gb rdtscp lm constant_tsc arch_perfmon nopl xtopology tsc_reliable nonstop_tsc cpuid pni pclmulqdq ssse3 fma cx16 pcid sse4_1 sse4_2 x2apic movbe popcnt tsc_deadline_timer aes xsave avx f16c rdrand hypervisor lahf_lm abm 3dnowprefetch cpuid_fault invpcid_single pti ssbd ibrs ibpb stibp fsgsbase tsc_adjust bmi1 avx2 smep bmi2 invpcid rdseed adx smap clflushopt xsaveopt xsavec xgetbv1 xsaves arat md_clear flush_l1d arch_capabilities
bugs		: cpu_meltdown spectre_v1 spectre_v2 spec_store_bypass l1tf mds swapgs itlb_multihit srbds
bogomips	: 5184.00
clflush size	: 64
cache_alignment	: 64
address sizes	: 45 bits physical, 48 bits virtual
power management:

processor	: 2
vendor_id	: GenuineIntel
cpu family	: 6
model		: 158
model name	: Intel(R) Core(TM) i7-9750H CPU @ 2.60GHz
stepping	: 10
cpu MHz		: 2592.000
cache size	: 12288 KB
physical id	: 4
siblings	: 1
core id		: 0
cpu cores	: 1
apicid		: 4
initial apicid	: 4
fpu		: yes
fpu_exception	: yes
cpuid level	: 22
wp		: yes
flags		: fpu vme de pse tsc msr pae mce cx8 apic sep mtrr pge mca cmov pat pse36 clflush mmx fxsr sse sse2 ss syscall nx pdpe1gb rdtscp lm constant_tsc arch_perfmon nopl xtopology tsc_reliable nonstop_tsc cpuid pni pclmulqdq ssse3 fma cx16 pcid sse4_1 sse4_2 x2apic movbe popcnt tsc_deadline_timer aes xsave avx f16c rdrand hypervisor lahf_lm abm 3dnowprefetch cpuid_fault invpcid_single pti ssbd ibrs ibpb stibp fsgsbase tsc_adjust bmi1 avx2 smep bmi2 invpcid rdseed adx smap clflushopt xsaveopt xsavec xgetbv1 xsaves arat md_clear flush_l1d arch_capabilities
bugs		: cpu_meltdown spectre_v1 spectre_v2 spec_store_bypass l1tf mds swapgs itlb_multihit srbds
bogomips	: 5184.00
clflush size	: 64
cache_alignment	: 64
address sizes	: 45 bits physical, 48 bits virtual
power management:

processor	: 3
vendor_id	: GenuineIntel
cpu family	: 6
model		: 158
model name	: Intel(R) Core(TM) i7-9750H CPU @ 2.60GHz
stepping	: 10
cpu MHz		: 2592.000
cache size	: 12288 KB
physical id	: 6
siblings	: 1
core id		: 0
cpu cores	: 1
apicid		: 6
initial apicid	: 6
fpu		: yes
fpu_exception	: yes
cpuid level	: 22
wp		: yes
flags		: fpu vme de pse tsc msr pae mce cx8 apic sep mtrr pge mca cmov pat pse36 clflush mmx fxsr sse sse2 ss syscall nx pdpe1gb rdtscp lm constant_tsc arch_perfmon nopl xtopology tsc_reliable nonstop_tsc cpuid pni pclmulqdq ssse3 fma cx16 pcid sse4_1 sse4_2 x2apic movbe popcnt tsc_deadline_timer aes xsave avx f16c rdrand hypervisor lahf_lm abm 3dnowprefetch cpuid_fault invpcid_single pti ssbd ibrs ibpb stibp fsgsbase tsc_adjust bmi1 avx2 smep bmi2 invpcid rdseed adx smap clflushopt xsaveopt xsavec xgetbv1 xsaves arat md_clear flush_l1d arch_capabilities
bugs		: cpu_meltdown spectre_v1 spectre_v2 spec_store_bypass l1tf mds swapgs itlb_multihit srbds
bogomips	: 5184.00
clflush size	: 64
cache_alignment	: 64
address sizes	: 45 bits physical, 48 bits virtual
power management:



Memory: 4k page, physical 4015896k(106832k free), swap 998396k(0k free)

vm_info: OpenJDK 64-Bit Server VM (25.292-b10) for linux-amd64 JRE (1.8.0_292-8u292-b10-0ubuntu1~16.04.1-b10), built on Apr 21 2021 12:47:35 by "buildd" with gcc 5.4.0 20160609

time: Mon Dec 27 15:04:11 2021
timezone: PST
elapsed time: 4.585513 seconds (0d 0h 0m 4s)

